#
# A fatal error has been detected by the Java Runtime Environment:
#
#  EXCEPTION_ACCESS_VIOLATION (0xc0000005) at pc=0x00000000038dbce0, pid=6244, tid=0x0000000000004284
#
# JRE version: Java(TM) SE Runtime Environment (8.0_111-b14) (build 1.8.0_111-b14)
# Java VM: Java HotSpot(TM) 64-Bit Server VM (25.111-b14 mixed mode windows-amd64 compressed oops)
# Problematic frame:
# J 284 C1 sun.misc.URLClassPath.getLoader(I)Lsun/misc/URLClassPath$Loader; (197 bytes) @ 0x00000000038dbce0 [0x00000000038db200+0xae0]
#
# Failed to write core dump. Minidumps are not enabled by default on client versions of Windows
#
# If you would like to submit a bug report, please visit:
#   http://bugreport.java.com/bugreport/crash.jsp
#

---------------  T H R E A D  ---------------

Current thread (0x000000002068d800):  JavaThread "localhost-startStop-1" daemon [_thread_in_Java, id=17028, stack(0x0000000023400000,0x0000000023500000)]

siginfo: ExceptionCode=0xc0000005, reading address 0x00000000037001a8

Registers:
RAX=0x00000006c1f174a8, RBX=0x00000006c1e8d0d8, RCX=0x00000006c1e72d88, RDX=0x0000000000000022
RSP=0x00000000234faa10, RBP=0x00000000234fae40, RSI=0x0000000003700178, RDI=0x00000007c003e298
R8 =0x0000000000000022, R9 =0x0000000000000022, R10=0x0000000000000000, R11=0x00000000234fa560
R12=0x0000000000000000, R13=0x0000000000000033, R14=0x00000000234faa08, R15=0x000000002068d800
RIP=0x00000000038dbce0, EFLAGS=0x0000000000010206

Top of Stack: (sp=0x00000000234faa10)
0x00000000234faa10:   00000006c1c004d0 000000076f119dd8
0x00000000234faa20:   00000000234fae40 00000000038c3ff4
0x00000000234faa30:   000000076f119dd8 000000076f119ff0
0x00000000234faa40:   000000076f119e70 000000076f119dd8
0x00000000234faa50:   00000000234fae40 00000006c1f52670
0x00000000234faa60:   000000076f118088 000000001cd304e0
0x00000000234faa70:   0000000000000033 00000000234fb854
0x00000000234faa80:   00000022c1eacce8 0000000000000021
0x00000000234faa90:   00000006c1e72d88 00000000234fb844
0x00000000234faaa0:   00000000234fae40 00000000038c3a0c
0x00000000234faab0:   0000000000000000 00000000234fb834
0x00000000234faac0:   00000000234fb828 00000000234fb82c
0x00000000234faad0:   00000000234fb820 00000000234fb824
0x00000000234faae0:   00000000234fb818 0000000000000000
0x00000000234faaf0:   00000006c1e72d88 00000006c1e24870
0x00000000234fab00:   000000076f118088 00000006c1f52670 

Instructions: (pc=0x00000000038dbce0)
0x00000000038dbcc0:   10 48 c1 e0 03 48 83 f8 00 0f 84 20 00 00 00 48
0x00000000038dbcd0:   bf 98 e2 03 c0 07 00 00 00 8b 70 08 48 c1 e6 03
0x00000000038dbce0:   48 3b 7e 30 0f 85 c7 05 00 00 e9 00 00 00 00 48
0x00000000038dbcf0:   8b d0 48 8d 84 24 d8 00 00 00 48 8b 78 08 48 8b 


Register to memory mapping:

RAX=0x00000006c1f174a8 is pointing into object: 0x00000006c1f17428
[C 
 - klass: {type array char}
 - length: 120
RBX=0x00000006c1e8d0d8 is an oop
java.util.ArrayList 
 - klass: 'java/util/ArrayList'
RCX=0x00000006c1e72d88 is an oop
sun.misc.URLClassPath 
 - klass: 'sun/misc/URLClassPath'
RDX=0x0000000000000022 is an unknown value
RSP=0x00000000234faa10 is pointing into the stack for thread: 0x000000002068d800
RBP=0x00000000234fae40 is pointing into the stack for thread: 0x000000002068d800
RSI=0x0000000003700178 is an unknown value
RDI=0x00000007c003e298 is pointing into metadata
R8 =0x0000000000000022 is an unknown value
R9 =0x0000000000000022 is an unknown value
R10=0x0000000000000000 is an unknown value
R11=0x00000000234fa560 is pointing into the stack for thread: 0x000000002068d800
R12=0x0000000000000000 is an unknown value
R13=0x0000000000000033 is an unknown value
R14=0x00000000234faa08 is pointing into the stack for thread: 0x000000002068d800
R15=0x000000002068d800 is a thread


Stack: [0x0000000023400000,0x0000000023500000],  sp=0x00000000234faa10,  free space=1002k
Native frames: (J=compiled Java code, j=interpreted, Vv=VM code, C=native code)
C  0x00000000038dbce0


---------------  P R O C E S S  ---------------

Java Threads: ( => current thread )
  0x00000000205b3000 JavaThread "SimplePauseDetectorThread_0" daemon [_thread_blocked, id=19080, stack(0x0000000023900000,0x0000000023a00000)]
  0x000000001f087800 JavaThread "Thread-32" daemon [_thread_blocked, id=21212, stack(0x0000000023800000,0x0000000023900000)]
  0x0000000020768800 JavaThread "spring.cloud.inetutils" daemon [_thread_blocked, id=18716, stack(0x0000000023700000,0x0000000023800000)]
=>0x000000002068d800 JavaThread "localhost-startStop-1" daemon [_thread_in_Java, id=17028, stack(0x0000000023400000,0x0000000023500000)]
  0x0000000022063800 JavaThread "Tomcat-startStop-1" daemon [_thread_blocked, id=8412, stack(0x0000000021330000,0x0000000021430000)]
  0x000000001f1ae000 JavaThread "RMI Scheduler(0)" daemon [_thread_blocked, id=20248, stack(0x0000000020b30000,0x0000000020c30000)]
  0x000000001f16d800 JavaThread "RMI TCP Connection(1)-192.168.146.1" daemon [_thread_in_native, id=36384, stack(0x000000001fa60000,0x000000001fb60000)]
  0x000000001eeca000 JavaThread "RMI TCP Accept-0" daemon [_thread_in_native, id=35812, stack(0x000000001f5b0000,0x000000001f6b0000)]
  0x000000001ed4a000 JavaThread "Service Thread" daemon [_thread_blocked, id=34196, stack(0x000000001f4b0000,0x000000001f5b0000)]
  0x000000001ecc4800 JavaThread "C1 CompilerThread2" daemon [_thread_blocked, id=32312, stack(0x000000001f3b0000,0x000000001f4b0000)]
  0x000000001ec97800 JavaThread "C2 CompilerThread1" daemon [_thread_blocked, id=32252, stack(0x000000001f2b0000,0x000000001f3b0000)]
  0x000000001ec95000 JavaThread "C2 CompilerThread0" daemon [_thread_blocked, id=35792, stack(0x000000001f1b0000,0x000000001f2b0000)]
  0x000000001cd74000 JavaThread "JDWP Command Reader" daemon [_thread_in_native, id=31088, stack(0x000000001e8b0000,0x000000001e9b0000)]
  0x000000001cd70800 JavaThread "JDWP Event Helper Thread" daemon [_thread_blocked, id=36292, stack(0x000000001e7b0000,0x000000001e8b0000)]
  0x000000001cd62800 JavaThread "JDWP Transport Listener: dt_socket" daemon [_thread_blocked, id=18984, stack(0x000000001e6b0000,0x000000001e7b0000)]
  0x000000001cd46000 JavaThread "Attach Listener" daemon [_thread_blocked, id=7264, stack(0x000000001e5b0000,0x000000001e6b0000)]
  0x000000001cd45000 JavaThread "Signal Dispatcher" daemon [_thread_blocked, id=18524, stack(0x000000001e4b0000,0x000000001e5b0000)]
  0x000000000365e000 JavaThread "Finalizer" daemon [_thread_blocked, id=11044, stack(0x000000001dfb0000,0x000000001e0b0000)]
  0x000000000365a000 JavaThread "Reference Handler" daemon [_thread_blocked, id=19940, stack(0x000000001deb0000,0x000000001dfb0000)]
  0x0000000003563000 JavaThread "main" [_thread_blocked, id=20740, stack(0x0000000003460000,0x0000000003560000)]

Other Threads:
  0x000000001ccf6000 VMThread [stack: 0x000000001ddb0000,0x000000001deb0000] [id=34596]
  0x000000001eee0000 WatcherThread [stack: 0x000000001f6b0000,0x000000001f7b0000] [id=35064]

VM state:not at safepoint (normal execution)

VM Mutex/Monitor currently owned by a thread: None

Heap:
 PSYoungGen      total 408064K, used 75815K [0x000000076b400000, 0x0000000786e00000, 0x00000007c0000000)
  eden space 397824K, 16% used [0x000000076b400000,0x000000076f452100,0x0000000783880000)
  from space 10240K, 97% used [0x0000000786400000,0x0000000786db7c00,0x0000000786e00000)
  to   space 16896K, 0% used [0x0000000784d00000,0x0000000784d00000,0x0000000785d80000)
 ParOldGen       total 116224K, used 20287K [0x00000006c1c00000, 0x00000006c8d80000, 0x000000076b400000)
  object space 116224K, 17% used [0x00000006c1c00000,0x00000006c2fcfc08,0x00000006c8d80000)
 Metaspace       used 38951K, capacity 40672K, committed 40752K, reserved 1085440K
  class space    used 5299K, capacity 5648K, committed 5680K, reserved 1048576K

Card table byte_map: [0x0000000012b20000,0x0000000013320000] byte_map_base: 0x000000000f512000

Marking Bits: (ParMarkBitMap*) 0x000000005fe1a6c0
 Begin Bits: [0x0000000013c70000, 0x0000000017c00000)
 End Bits:   [0x0000000017c00000, 0x000000001bb90000)

Polling page: 0x0000000002d50000

CodeCache: size=245760Kb used=8921Kb max_used=8921Kb free=236838Kb
 bounds [0x0000000003760000, 0x0000000004020000, 0x0000000012760000]
 total_blobs=4533 nmethods=4098 adapters=355
 compilation: enabled

Compilation events (10 events):
Event: 17.695 Thread 0x000000001ecc4800 4143       1       java.util.Objects::isNull (10 bytes)
Event: 17.695 Thread 0x000000001ecc4800 nmethod 4143 0x0000000004015990 code [0x0000000004015ae0, 0x0000000004015bf0]
Event: 17.695 Thread 0x000000001ecc4800 4144       1       java.util.ResourceBundle::getStringArray (12 bytes)
Event: 17.695 Thread 0x000000001ecc4800 nmethod 4144 0x0000000004015c50 code [0x0000000004015dc0, 0x0000000004015f28]
Event: 17.695 Thread 0x000000001ecc4800 4145       1       sun.util.resources.OpenListResourceBundle::handleGetObject (27 bytes)
Event: 17.695 Thread 0x000000001ecc4800 nmethod 4145 0x0000000004015fd0 code [0x0000000004016160, 0x0000000004016388]
Event: 17.695 Thread 0x000000001ecc4800 4146       1       sun.util.resources.TimeZoneNamesBundle::handleGetObject (48 bytes)
Event: 17.696 Thread 0x000000001ecc4800 nmethod 4146 0x0000000004016490 code [0x0000000004016640, 0x0000000004016a98]
Event: 17.696 Thread 0x000000001ecc4800 4147       1       sun.util.calendar.CalendarDate::getYear (5 bytes)
Event: 17.696 Thread 0x000000001ecc4800 nmethod 4147 0x0000000004016d50 code [0x0000000004016ea0, 0x0000000004016fb0]

GC Heap History (10 events):
Event: 8.231 GC heap before
{Heap before GC invocations=6 (full 1):
 PSYoungGen      total 141824K, used 131072K [0x000000076b400000, 0x0000000774900000, 0x00000007c0000000)
  eden space 131072K, 100% used [0x000000076b400000,0x0000000773400000,0x0000000773400000)
  from space 10752K, 0% used [0x0000000773e80000,0x0000000773e80000,0x0000000774900000)
  to   space 10752K, 0% used [0x0000000773400000,0x0000000773400000,0x0000000773e80000)
 ParOldGen       total 80896K, used 5295K [0x00000006c1c00000, 0x00000006c6b00000, 0x000000076b400000)
  object space 80896K, 6% used [0x00000006c1c00000,0x00000006c212bf20,0x00000006c6b00000)
 Metaspace       used 27503K, capacity 28406K, committed 28464K, reserved 1073152K
  class space    used 3665K, capacity 3879K, committed 3888K, reserved 1048576K
Event: 8.249 GC heap after
Heap after GC invocations=6 (full 1):
 PSYoungGen      total 141824K, used 10737K [0x000000076b400000, 0x000000077b600000, 0x00000007c0000000)
  eden space 131072K, 0% used [0x000000076b400000,0x000000076b400000,0x0000000773400000)
  from space 10752K, 99% used [0x0000000773400000,0x0000000773e7c458,0x0000000773e80000)
  to   space 12288K, 0% used [0x000000077aa00000,0x000000077aa00000,0x000000077b600000)
 ParOldGen       total 80896K, used 5573K [0x00000006c1c00000, 0x00000006c6b00000, 0x000000076b400000)
  object space 80896K, 6% used [0x00000006c1c00000,0x00000006c21715b0,0x00000006c6b00000)
 Metaspace       used 27503K, capacity 28406K, committed 28464K, reserved 1073152K
  class space    used 3665K, capacity 3879K, committed 3888K, reserved 1048576K
}
Event: 11.187 GC heap before
{Heap before GC invocations=7 (full 1):
 PSYoungGen      total 141824K, used 141809K [0x000000076b400000, 0x000000077b600000, 0x00000007c0000000)
  eden space 131072K, 100% used [0x000000076b400000,0x0000000773400000,0x0000000773400000)
  from space 10752K, 99% used [0x0000000773400000,0x0000000773e7c458,0x0000000773e80000)
  to   space 12288K, 0% used [0x000000077aa00000,0x000000077aa00000,0x000000077b600000)
 ParOldGen       total 80896K, used 5573K [0x00000006c1c00000, 0x00000006c6b00000, 0x000000076b400000)
  object space 80896K, 6% used [0x00000006c1c00000,0x00000006c21715b0,0x00000006c6b00000)
 Metaspace       used 30760K, capacity 31802K, committed 31920K, reserved 1077248K
  class space    used 4168K, capacity 4435K, committed 4528K, reserved 1048576K
Event: 11.207 GC heap after
Heap after GC invocations=7 (full 1):
 PSYoungGen      total 246784K, used 12271K [0x000000076b400000, 0x000000077b800000, 0x00000007c0000000)
  eden space 234496K, 0% used [0x000000076b400000,0x000000076b400000,0x0000000779900000)
  from space 12288K, 99% used [0x000000077aa00000,0x000000077b5fbdd8,0x000000077b600000)
  to   space 15872K, 0% used [0x0000000779900000,0x0000000779900000,0x000000077a880000)
 ParOldGen       total 80896K, used 8253K [0x00000006c1c00000, 0x00000006c6b00000, 0x000000076b400000)
  object space 80896K, 10% used [0x00000006c1c00000,0x00000006c240f670,0x00000006c6b00000)
 Metaspace       used 30760K, capacity 31802K, committed 31920K, reserved 1077248K
  class space    used 4168K, capacity 4435K, committed 4528K, reserved 1048576K
}
Event: 12.453 GC heap before
{Heap before GC invocations=8 (full 1):
 PSYoungGen      total 246784K, used 119699K [0x000000076b400000, 0x000000077b800000, 0x00000007c0000000)
  eden space 234496K, 45% used [0x000000076b400000,0x0000000771ce8fe0,0x0000000779900000)
  from space 12288K, 99% used [0x000000077aa00000,0x000000077b5fbdd8,0x000000077b600000)
  to   space 15872K, 0% used [0x0000000779900000,0x0000000779900000,0x000000077a880000)
 ParOldGen       total 80896K, used 8253K [0x00000006c1c00000, 0x00000006c6b00000, 0x000000076b400000)
  object space 80896K, 10% used [0x00000006c1c00000,0x00000006c240f670,0x00000006c6b00000)
 Metaspace       used 34063K, capacity 35428K, committed 35496K, reserved 1079296K
  class space    used 4563K, capacity 4858K, committed 4912K, reserved 1048576K
Event: 12.544 GC heap after
Heap after GC invocations=8 (full 1):
 PSYoungGen      total 250368K, used 15516K [0x000000076b400000, 0x0000000787580000, 0x00000007c0000000)
  eden space 234496K, 0% used [0x000000076b400000,0x000000076b400000,0x0000000779900000)
  from space 15872K, 97% used [0x0000000779900000,0x000000077a8272e0,0x000000077a880000)
  to   space 17920K, 0% used [0x0000000786400000,0x0000000786400000,0x0000000787580000)
 ParOldGen       total 80896K, used 8261K [0x00000006c1c00000, 0x00000006c6b00000, 0x000000076b400000)
  object space 80896K, 10% used [0x00000006c1c00000,0x00000006c2411670,0x00000006c6b00000)
 Metaspace       used 34063K, capacity 35428K, committed 35496K, reserved 1079296K
  class space    used 4563K, capacity 4858K, committed 4912K, reserved 1048576K
}
Event: 12.544 GC heap before
{Heap before GC invocations=9 (full 2):
 PSYoungGen      total 250368K, used 15516K [0x000000076b400000, 0x0000000787580000, 0x00000007c0000000)
  eden space 234496K, 0% used [0x000000076b400000,0x000000076b400000,0x0000000779900000)
  from space 15872K, 97% used [0x0000000779900000,0x000000077a8272e0,0x000000077a880000)
  to   space 17920K, 0% used [0x0000000786400000,0x0000000786400000,0x0000000787580000)
 ParOldGen       total 80896K, used 8261K [0x00000006c1c00000, 0x00000006c6b00000, 0x000000076b400000)
  object space 80896K, 10% used [0x00000006c1c00000,0x00000006c2411670,0x00000006c6b00000)
 Metaspace       used 34063K, capacity 35428K, committed 35496K, reserved 1079296K
  class space    used 4563K, capacity 4858K, committed 4912K, reserved 1048576K
Event: 12.702 GC heap after
Heap after GC invocations=9 (full 2):
 PSYoungGen      total 250368K, used 0K [0x000000076b400000, 0x0000000787580000, 0x00000007c0000000)
  eden space 234496K, 0% used [0x000000076b400000,0x000000076b400000,0x0000000779900000)
  from space 15872K, 0% used [0x0000000779900000,0x0000000779900000,0x000000077a880000)
  to   space 17920K, 0% used [0x0000000786400000,0x0000000786400000,0x0000000787580000)
 ParOldGen       total 116224K, used 20279K [0x00000006c1c00000, 0x00000006c8d80000, 0x000000076b400000)
  object space 116224K, 17% used [0x00000006c1c00000,0x00000006c2fcdc08,0x00000006c8d80000)
 Metaspace       used 34063K, capacity 35428K, committed 35496K, reserved 1079296K
  class space    used 4563K, capacity 4858K, committed 4912K, reserved 1048576K
}
Event: 17.171 GC heap before
{Heap before GC invocations=10 (full 2):
 PSYoungGen      total 250368K, used 234496K [0x000000076b400000, 0x0000000787580000, 0x00000007c0000000)
  eden space 234496K, 100% used [0x000000076b400000,0x0000000779900000,0x0000000779900000)
  from space 15872K, 0% used [0x0000000779900000,0x0000000779900000,0x000000077a880000)
  to   space 17920K, 0% used [0x0000000786400000,0x0000000786400000,0x0000000787580000)
 ParOldGen       total 116224K, used 20279K [0x00000006c1c00000, 0x00000006c8d80000, 0x000000076b400000)
  object space 116224K, 17% used [0x00000006c1c00000,0x00000006c2fcdc08,0x00000006c8d80000)
 Metaspace       used 36900K, capacity 38622K, committed 38960K, reserved 1083392K
  class space    used 4993K, capacity 5339K, committed 5424K, reserved 1048576K
Event: 17.188 GC heap after
Heap after GC invocations=10 (full 2):
 PSYoungGen      total 408064K, used 9951K [0x000000076b400000, 0x0000000786e00000, 0x00000007c0000000)
  eden space 397824K, 0% used [0x000000076b400000,0x000000076b400000,0x0000000783880000)
  from space 10240K, 97% used [0x0000000786400000,0x0000000786db7c00,0x0000000786e00000)
  to   space 16896K, 0% used [0x0000000784d00000,0x0000000784d00000,0x0000000785d80000)
 ParOldGen       total 116224K, used 20287K [0x00000006c1c00000, 0x00000006c8d80000, 0x000000076b400000)
  object space 116224K, 17% used [0x00000006c1c00000,0x00000006c2fcfc08,0x00000006c8d80000)
 Metaspace       used 36900K, capacity 38622K, committed 38960K, reserved 1083392K
  class space    used 4993K, capacity 5339K, committed 5424K, reserved 1048576K
}

Deoptimization events (0 events):
No events

Internal exceptions (10 events):
Event: 17.610 Thread 0x000000002068d800 Exception <a 'java/lang/ArrayIndexOutOfBoundsException'> (0x000000076e702698) thrown at [C:\re\workspace\8-2-build-windows-amd64-cygwin\jdk8u111\7883\hotspot\src\share\vm\runtime\sharedRuntime.cpp, line 605]
Event: 17.614 Thread 0x000000002068d800 Exception <a 'java/lang/ArrayIndexOutOfBoundsException'> (0x000000076e7380d8) thrown at [C:\re\workspace\8-2-build-windows-amd64-cygwin\jdk8u111\7883\hotspot\src\share\vm\runtime\sharedRuntime.cpp, line 605]
Event: 17.615 Thread 0x000000002068d800 Exception <a 'java/lang/ArrayIndexOutOfBoundsException'> (0x000000076e7439a0) thrown at [C:\re\workspace\8-2-build-windows-amd64-cygwin\jdk8u111\7883\hotspot\src\share\vm\runtime\sharedRuntime.cpp, line 605]
Event: 17.617 Thread 0x000000002068d800 Exception <a 'java/lang/ArrayIndexOutOfBoundsException'> (0x000000076e750ea8) thrown at [C:\re\workspace\8-2-build-windows-amd64-cygwin\jdk8u111\7883\hotspot\src\share\vm\runtime\sharedRuntime.cpp, line 605]
Event: 17.618 Thread 0x000000002068d800 Exception <a 'java/lang/ArrayIndexOutOfBoundsException'> (0x000000076e75c710) thrown at [C:\re\workspace\8-2-build-windows-amd64-cygwin\jdk8u111\7883\hotspot\src\share\vm\runtime\sharedRuntime.cpp, line 605]
Event: 17.618 Thread 0x000000002068d800 Exception <a 'java/lang/ArrayIndexOutOfBoundsException'> (0x000000076e767d88) thrown at [C:\re\workspace\8-2-build-windows-amd64-cygwin\jdk8u111\7883\hotspot\src\share\vm\runtime\sharedRuntime.cpp, line 605]
Event: 17.624 Thread 0x000000002068d800 Exception <a 'java/lang/ArrayIndexOutOfBoundsException'> (0x000000076e80ce00) thrown at [C:\re\workspace\8-2-build-windows-amd64-cygwin\jdk8u111\7883\hotspot\src\share\vm\runtime\sharedRuntime.cpp, line 605]
Event: 17.651 Thread 0x000000002068d800 Exception <a 'java/lang/ArrayIndexOutOfBoundsException'> (0x000000076ea7a3d0) thrown at [C:\re\workspace\8-2-build-windows-amd64-cygwin\jdk8u111\7883\hotspot\src\share\vm\runtime\sharedRuntime.cpp, line 605]
Event: 17.651 Thread 0x000000002068d800 Exception <a 'java/lang/ArrayIndexOutOfBoundsException'> (0x000000076ea7d2d8) thrown at [C:\re\workspace\8-2-build-windows-amd64-cygwin\jdk8u111\7883\hotspot\src\share\vm\runtime\sharedRuntime.cpp, line 605]
Event: 17.656 Thread 0x000000002068d800 Exception <a 'java/lang/ArrayIndexOutOfBoundsException'> (0x000000076eadf4c8) thrown at [C:\re\workspace\8-2-build-windows-amd64-cygwin\jdk8u111\7883\hotspot\src\share\vm\runtime\sharedRuntime.cpp, line 605]

Events (10 events):
Event: 17.722 Thread 0x000000002068d800 DEOPT PACKING pc=0x0000000003e55a8c sp=0x00000000234f96d0
Event: 17.722 Thread 0x000000002068d800 DEOPT UNPACKING pc=0x00000000037a787f sp=0x00000000234f94f0 mode 1
Event: 17.723 loading class com/thoughtworks/xstream/mapper/CachingMapper
Event: 17.723 loading class com/thoughtworks/xstream/mapper/CachingMapper done
Event: 17.723 Thread 0x000000002068d800 DEOPT PACKING pc=0x0000000003948b11 sp=0x00000000234fb6a0
Event: 17.723 Thread 0x000000002068d800 DEOPT UNPACKING pc=0x00000000037a787f sp=0x00000000234fb3f0 mode 1
Event: 17.723 Thread 0x000000002068d800 DEOPT PACKING pc=0x0000000003e55b44 sp=0x00000000234fb720
Event: 17.723 Thread 0x000000002068d800 DEOPT UNPACKING pc=0x00000000037a787f sp=0x00000000234fb540 mode 1
Event: 17.723 Thread 0x000000002068d800 DEOPT PACKING pc=0x0000000003e55a8c sp=0x00000000234fb8b0
Event: 17.723 Thread 0x000000002068d800 DEOPT UNPACKING pc=0x00000000037a787f sp=0x00000000234fb6d0 mode 1


Dynamic libraries:
0x00007ff719c70000 - 0x00007ff719ca7000 	D:\Tool\jdk1.8.0_111\bin\java.exe
0x00007ffb587e0000 - 0x00007ffb589d0000 	C:\WINDOWS\SYSTEM32\ntdll.dll
0x00007ffb56d10000 - 0x00007ffb56dc2000 	C:\WINDOWS\System32\KERNEL32.DLL
0x00007ffb560c0000 - 0x00007ffb56363000 	C:\WINDOWS\System32\KERNELBASE.dll
0x00007ffb586c0000 - 0x00007ffb58763000 	C:\WINDOWS\System32\ADVAPI32.dll
0x00007ffb57320000 - 0x00007ffb573be000 	C:\WINDOWS\System32\msvcrt.dll
0x00007ffb573d0000 - 0x00007ffb57467000 	C:\WINDOWS\System32\sechost.dll
0x00007ffb56bf0000 - 0x00007ffb56d10000 	C:\WINDOWS\System32\RPCRT4.dll
0x00007ffb56a50000 - 0x00007ffb56be4000 	C:\WINDOWS\System32\USER32.dll
0x00007ffb564c0000 - 0x00007ffb564e1000 	C:\WINDOWS\System32\win32u.dll
0x00007ffb58770000 - 0x00007ffb58796000 	C:\WINDOWS\System32\GDI32.dll
0x00007ffb564f0000 - 0x00007ffb56684000 	C:\WINDOWS\System32\gdi32full.dll
0x00007ffb56020000 - 0x00007ffb560be000 	C:\WINDOWS\System32\msvcp_win.dll
0x00007ffb56370000 - 0x00007ffb5646a000 	C:\WINDOWS\System32\ucrtbase.dll
0x00007ffb46080000 - 0x00007ffb46305000 	C:\WINDOWS\WinSxS\amd64_microsoft.windows.common-controls_6595b64144ccf1df_6.0.18362.778_none_e6c6b761130d4fb8\COMCTL32.dll
0x00007ffb56dd0000 - 0x00007ffb57106000 	C:\WINDOWS\System32\combase.dll
0x00007ffb56690000 - 0x00007ffb56710000 	C:\WINDOWS\System32\bcryptPrimitives.dll
0x00007ffb57910000 - 0x00007ffb5793e000 	C:\WINDOWS\System32\IMM32.DLL
0x0000000060c20000 - 0x0000000060cf2000 	D:\Tool\jdk1.8.0_111\jre\bin\msvcr100.dll
0x000000005f600000 - 0x000000005fe9a000 	D:\Tool\jdk1.8.0_111\jre\bin\server\jvm.dll
0x00007ffb569d0000 - 0x00007ffb569d8000 	C:\WINDOWS\System32\PSAPI.DLL
0x00007ffb504c0000 - 0x00007ffb504e4000 	C:\WINDOWS\SYSTEM32\WINMM.dll
0x00007ffb4a8a0000 - 0x00007ffb4a8aa000 	C:\WINDOWS\SYSTEM32\VERSION.dll
0x00007ffb50490000 - 0x00007ffb504bd000 	C:\WINDOWS\SYSTEM32\WINMMBASE.dll
0x00007ffb56470000 - 0x00007ffb564ba000 	C:\WINDOWS\System32\cfgmgr32.dll
0x00007ffb37e20000 - 0x00007ffb37e29000 	C:\WINDOWS\SYSTEM32\WSOCK32.dll
0x00007ffb569e0000 - 0x00007ffb56a4f000 	C:\WINDOWS\System32\WS2_32.dll
0x00000000608f0000 - 0x00000000608ff000 	D:\Tool\jdk1.8.0_111\jre\bin\verify.dll
0x00000000608c0000 - 0x00000000608e9000 	D:\Tool\jdk1.8.0_111\jre\bin\java.dll
0x0000000060860000 - 0x0000000060895000 	D:\Tool\jdk1.8.0_111\jre\bin\jdwp.dll
0x0000000060850000 - 0x0000000060858000 	D:\Tool\jdk1.8.0_111\jre\bin\npt.dll
0x0000000060420000 - 0x0000000060443000 	D:\Tool\jdk1.8.0_111\jre\bin\instrument.dll
0x00000000608a0000 - 0x00000000608b6000 	D:\Tool\jdk1.8.0_111\jre\bin\zip.dll
0x00007ffb57e70000 - 0x00007ffb58555000 	C:\WINDOWS\System32\SHELL32.dll
0x00007ffb57c90000 - 0x00007ffb57d39000 	C:\WINDOWS\System32\shcore.dll
0x00007ffb55840000 - 0x00007ffb55fc0000 	C:\WINDOWS\System32\windows.storage.dll
0x00007ffb556b0000 - 0x00007ffb556d3000 	C:\WINDOWS\System32\profapi.dll
0x00007ffb55720000 - 0x00007ffb5576a000 	C:\WINDOWS\System32\powrprof.dll
0x00007ffb556a0000 - 0x00007ffb556b0000 	C:\WINDOWS\System32\UMPDC.dll
0x00007ffb56890000 - 0x00007ffb568e2000 	C:\WINDOWS\System32\shlwapi.dll
0x00007ffb55700000 - 0x00007ffb55711000 	C:\WINDOWS\System32\kernel.appcore.dll
0x00007ffb55770000 - 0x00007ffb55787000 	C:\WINDOWS\System32\cryptsp.dll
0x0000000060840000 - 0x0000000060849000 	D:\Tool\jdk1.8.0_111\jre\bin\dt_socket.dll
0x00007ffb54f10000 - 0x00007ffb54f77000 	C:\WINDOWS\system32\mswsock.dll
0x00007ffb54a80000 - 0x00007ffb54ab3000 	C:\WINDOWS\system32\rsaenh.dll
0x00007ffb56710000 - 0x00007ffb56736000 	C:\WINDOWS\System32\bcrypt.dll
0x00007ffb555c0000 - 0x00007ffb555e5000 	C:\WINDOWS\SYSTEM32\USERENV.dll
0x00007ffb550e0000 - 0x00007ffb550ec000 	C:\WINDOWS\SYSTEM32\CRYPTBASE.dll
0x0000000060400000 - 0x000000006041a000 	D:\Tool\jdk1.8.0_111\jre\bin\net.dll
0x00007ffb54c20000 - 0x00007ffb54c5a000 	C:\WINDOWS\SYSTEM32\IPHLPAPI.DLL
0x00007ffb573c0000 - 0x00007ffb573c8000 	C:\WINDOWS\System32\NSI.dll
0x00007ffb4c950000 - 0x00007ffb4c966000 	C:\WINDOWS\SYSTEM32\dhcpcsvc6.DLL
0x00007ffb4c930000 - 0x00007ffb4c94c000 	C:\WINDOWS\SYSTEM32\dhcpcsvc.DLL
0x00007ffb54c60000 - 0x00007ffb54d2a000 	C:\WINDOWS\SYSTEM32\DNSAPI.dll
0x00000000603e0000 - 0x00000000603f1000 	D:\Tool\jdk1.8.0_111\jre\bin\nio.dll
0x00007ffb4e200000 - 0x00007ffb4e20a000 	C:\Windows\System32\rasadhlp.dll
0x00007ffb4c6e0000 - 0x00007ffb4c757000 	C:\WINDOWS\System32\fwpuclnt.dll
0x0000000060830000 - 0x000000006083d000 	D:\Tool\jdk1.8.0_111\jre\bin\management.dll
0x00007ffb35870000 - 0x00007ffb35886000 	C:\WINDOWS\system32\napinsp.dll
0x00007ffb35850000 - 0x00007ffb3586a000 	C:\WINDOWS\system32\pnrpnsp.dll
0x00007ffb36aa0000 - 0x00007ffb36aae000 	C:\WINDOWS\System32\winrnr.dll
0x00007ffb51730000 - 0x00007ffb5174c000 	C:\WINDOWS\system32\NLAapi.dll
0x00007ffb51040000 - 0x00007ffb51055000 	C:\WINDOWS\system32\wshbth.dll
0x0000000180000000 - 0x0000000180282000 	D:\Tool\apache-tomcat-8.5.50\bin\tcnative-1.dll
0x00007ffb56740000 - 0x00007ffb56889000 	C:\WINDOWS\System32\CRYPT32.dll
0x00007ffb556e0000 - 0x00007ffb556f2000 	C:\WINDOWS\System32\MSASN1.dll
0x00007ffb37100000 - 0x00007ffb372f4000 	C:\WINDOWS\SYSTEM32\dbghelp.dll

VM Arguments:
jvm_args: -agentlib:jdwp=transport=dt_socket,address=127.0.0.1:64155,suspend=y,server=n -XX:TieredStopAtLevel=1 -Xverify:none -Dspring.output.ansi.enabled=always -Dcom.sun.management.jmxremote -Dspring.liveBeansView.mbeanDomain -Dspring.application.admin.enabled=true -javaagent:C:\Users\wl\.IntelliJIdea2018.3\system\captureAgent\debugger-agent.jar -Dfile.encoding=UTF-8 
java_command: com.unionpay.EurekaApplication
java_class_path (initial): D:\Tool\jdk1.8.0_111\jre\lib\charsets.jar;D:\Tool\jdk1.8.0_111\jre\lib\deploy.jar;D:\Tool\jdk1.8.0_111\jre\lib\ext\access-bridge-64.jar;D:\Tool\jdk1.8.0_111\jre\lib\ext\cldrdata.jar;D:\Tool\jdk1.8.0_111\jre\lib\ext\dnsns.jar;D:\Tool\jdk1.8.0_111\jre\lib\ext\jaccess.jar;D:\Tool\jdk1.8.0_111\jre\lib\ext\jfxrt.jar;D:\Tool\jdk1.8.0_111\jre\lib\ext\localedata.jar;D:\Tool\jdk1.8.0_111\jre\lib\ext\nashorn.jar;D:\Tool\jdk1.8.0_111\jre\lib\ext\sunec.jar;D:\Tool\jdk1.8.0_111\jre\lib\ext\sunjce_provider.jar;D:\Tool\jdk1.8.0_111\jre\lib\ext\sunmscapi.jar;D:\Tool\jdk1.8.0_111\jre\lib\ext\sunpkcs11.jar;D:\Tool\jdk1.8.0_111\jre\lib\ext\zipfs.jar;D:\Tool\jdk1.8.0_111\jre\lib\javaws.jar;D:\Tool\jdk1.8.0_111\jre\lib\jce.jar;D:\Tool\jdk1.8.0_111\jre\lib\jfr.jar;D:\Tool\jdk1.8.0_111\jre\lib\jfxswt.jar;D:\Tool\jdk1.8.0_111\jre\lib\jsse.jar;D:\Tool\jdk1.8.0_111\jre\lib\management-agent.jar;D:\Tool\jdk1.8.0_111\jre\lib\plugin.jar;D:\Tool\jdk1.8.0_111\jre\lib\resources.jar;D:\Tool\jdk1.8.0_111\jre\lib\rt.jar;C:\Users\wl\IdeaProjects\wanglei-shop-parent\wanglei-shop-basics\wanglei-shop-basics-springcloud-eureak\target\classes;D:\Tool\apache-maven-3.5.4\maven-repository\org\springframework\cloud\spring-cloud-starter-netflix-eureka-server\2.0.0.M7\spring-cloud-starter-netflix-eureka-server-2.0.0.M7.jar;D:\Tool\apache-maven-3.5.4\maven-repository\org\springframework\cloud\spring-cloud-starter\2.0.0.M7\spring-cloud-starter-2.0.0.M7.jar;D:\Tool\apache-maven-3.5.4\maven-repository\org\springframework\cloud\spring-cloud-context\2.0.0.M7\spring-cloud-context-2.0.0.M7.jar;D:\Tool\apache-maven-3.5.4\maven-repository\org\springframework\security\spring-security-crypto\5.0.4.RELEASE\spring-security-crypto-5.0.4.RELEASE.jar;D:\Tool\apache-maven-3.5.4\maven-repository\org\springframework\cloud\spring-cloud-commons\2.0.0.M7\spring-cloud-commons-2.0.0.M7.jar;D:\Tool\apache-maven-3.5.4\maven-repository\org\springframework\security\spring-security-rsa\1.0.5.RELEASE\spring-securit
Launcher Type: SUN_STANDARD

Environment Variables:
JAVA_HOME=D:\Tool\jdk1.8.0_111
PATH=D:\Tool\jdk1.8.0_111\bin;D:\Tool\apache-maven-3.5.0\bin;D:\Tool\apache-tomcat-8.5.50\bin;C:\ProgramData\Oracle\Java\javapath;C:\WINDOWS\system32;C:\WINDOWS;C:\WINDOWS\System32\Wbem;C:\WINDOWS\System32\WindowsPowerShell\v1.0\;C:\WINDOWS\System32\OpenSSH\;C:\Program Files\Git\cmd;C:\Program Files (x86)\Common Files\Thunder Network\KanKan\Codecs;C:\Program Files (x86)\ATI Technologies\ATI.ACE\Core-Static;C:\Program Files\Intel\WiFi\bin\;C:\Program Files\Common Files\Intel\WirelessCommon\;D:\javaSoft\mysql-5.7.29-winx64\bin;D:\python\Scripts\;D:\python\;C:\Users\wl\AppData\Local\Microsoft\WindowsApps;C:\Program Files\Bandizip\7z;C:\Users\wl\AppData\Local\Programs\Microsoft VS Code\bin;C:\Program Files\Intel\WiFi\bin\;C:\Program Files\Common Files\Intel\WirelessCommon\;
USERNAME=wl
OS=Windows_NT
PROCESSOR_IDENTIFIER=Intel64 Family 6 Model 78 Stepping 3, GenuineIntel



---------------  S Y S T E M  ---------------

OS: Windows 10.0 , 64 bit Build 18362 (10.0.18362.778)

CPU:total 4 (2 cores per cpu, 2 threads per core) family 6 model 78 stepping 3, cmov, cx8, fxsr, mmx, sse, sse2, sse3, ssse3, sse4.1, sse4.2, popcnt, avx, avx2, aes, clmul, erms, 3dnowpref, lzcnt, ht, tsc, tscinvbit, bmi1, bmi2, adx

Memory: 4k page, physical 16657556k(7415396k free), swap 17706132k(3750384k free)

vm_info: Java HotSpot(TM) 64-Bit Server VM (25.111-b14) for windows-amd64 JRE (1.8.0_111-b14), built on Sep 22 2016 19:24:05 by "java_re" with MS VC++ 10.0 (VS2010)

time: Tue Apr 28 11:05:48 2020
elapsed time: 17 seconds (0d 0h 0m 17s)

