2020-03-24 20:55:29.251  INFO 12500 --- [main] com.demo.AppGateWay                      : No active profile set, falling back to default profiles: default
2020-03-24 20:55:29.278  INFO 12500 --- [main] ConfigServletWebServerApplicationContext : Refreshing org.springframework.boot.web.servlet.context.AnnotationConfigServletWebServerApplicationContext@3a1dd365: startup date [Tue Mar 24 20:55:29 CST 2020]; parent: org.springframework.context.annotation.AnnotationConfigApplicationContext@536f2a7e
2020-03-24 20:55:30.067  INFO 12500 --- [main] o.s.b.f.s.DefaultListableBeanFactory     : Overriding bean definition for bean 'environmentWebEndpointExtension' with a different definition: replacing [Root bean: class [null]; scope=; abstract=false; lazyInit=false; autowireMode=3; dependencyCheck=0; autowireCandidate=true; primary=false; factoryBeanName=org.springframework.boot.actuate.autoconfigure.env.EnvironmentEndpointAutoConfiguration; factoryMethodName=environmentWebEndpointExtension; initMethodName=null; destroyMethodName=(inferred); defined in class path resource [org/springframework/boot/actuate/autoconfigure/env/EnvironmentEndpointAutoConfiguration.class]] with [Root bean: class [null]; scope=; abstract=false; lazyInit=false; autowireMode=3; dependencyCheck=0; autowireCandidate=true; primary=false; factoryBeanName=org.springframework.cloud.autoconfigure.LifecycleMvcEndpointAutoConfiguration$EndpointConfiguration; factoryMethodName=environmentWebEndpointExtension; initMethodName=null; destroyMethodName=(inferred); defined in class path resource [org/springframework/cloud/autoconfigure/LifecycleMvcEndpointAutoConfiguration$EndpointConfiguration.class]]
2020-03-24 20:55:30.106  INFO 12500 --- [main] o.s.b.f.s.DefaultListableBeanFactory     : Overriding bean definition for bean 'proxyRequestHelper' with a different definition: replacing [Root bean: class [null]; scope=; abstract=false; lazyInit=false; autowireMode=3; dependencyCheck=0; autowireCandidate=true; primary=false; factoryBeanName=org.springframework.cloud.netflix.zuul.ZuulProxyAutoConfiguration$EndpointConfiguration; factoryMethodName=proxyRequestHelper; initMethodName=null; destroyMethodName=(inferred); defined in class path resource [org/springframework/cloud/netflix/zuul/ZuulProxyAutoConfiguration$EndpointConfiguration.class]] with [Root bean: class [null]; scope=; abstract=false; lazyInit=false; autowireMode=3; dependencyCheck=0; autowireCandidate=true; primary=false; factoryBeanName=org.springframework.cloud.netflix.zuul.ZuulProxyAutoConfiguration$NoActuatorConfiguration; factoryMethodName=proxyRequestHelper; initMethodName=null; destroyMethodName=(inferred); defined in class path resource [org/springframework/cloud/netflix/zuul/ZuulProxyAutoConfiguration$NoActuatorConfiguration.class]]
2020-03-24 20:55:30.110  INFO 12500 --- [main] o.s.b.f.s.DefaultListableBeanFactory     : Overriding bean definition for bean 'counterFactory' with a different definition: replacing [Root bean: class [null]; scope=; abstract=false; lazyInit=false; autowireMode=3; dependencyCheck=0; autowireCandidate=true; primary=false; factoryBeanName=org.springframework.cloud.netflix.zuul.ZuulServerAutoConfiguration$ZuulMetricsConfiguration; factoryMethodName=counterFactory; initMethodName=null; destroyMethodName=(inferred); defined in class path resource [org/springframework/cloud/netflix/zuul/ZuulServerAutoConfiguration$ZuulMetricsConfiguration.class]] with [Root bean: class [null]; scope=; abstract=false; lazyInit=false; autowireMode=3; dependencyCheck=0; autowireCandidate=true; primary=false; factoryBeanName=org.springframework.cloud.netflix.zuul.ZuulServerAutoConfiguration$ZuulCounterFactoryConfiguration; factoryMethodName=counterFactory; initMethodName=null; destroyMethodName=(inferred); defined in class path resource [org/springframework/cloud/netflix/zuul/ZuulServerAutoConfiguration$ZuulCounterFactoryConfiguration.class]]
2020-03-24 20:55:30.184  INFO 12500 --- [main] c.c.f.f.i.p.DefaultApplicationProvider   : App ID is set to wanglei-shop-zuul by app.id property from System Property
2020-03-24 20:55:30.184  INFO 12500 --- [main] c.c.f.f.i.p.DefaultServerProvider        : Environment is set to null. Because it is not available in either (1) JVM system property 'env', (2) OS env variable 'ENV' nor (3) property 'env' from the properties InputStream.
2020-03-24 20:55:30.301  INFO 12500 --- [main] o.s.cloud.context.scope.GenericScope     : BeanFactory id=c0281bae-54ed-30b5-9741-9fbd537252e8
2020-03-24 20:55:30.336  INFO 12500 --- [main] c.c.f.a.i.DefaultMetaServerProvider      : Located meta services from apollo.meta configuration: http://121.40.70.177:8080!
2020-03-24 20:55:30.340  INFO 12500 --- [main] c.c.f.apollo.core.MetaDomainConsts       : Located meta server address http://121.40.70.177:8080 for env UNKNOWN from com.ctrip.framework.apollo.internals.DefaultMetaServerProvider
2020-03-24 20:55:49.746  INFO 12500 --- [main] f.a.AutowiredAnnotationBeanPostProcessor : JSR-330 'javax.inject.Inject' annotation found and supported for autowiring
2020-03-24 20:55:50.211  INFO 12500 --- [main] trationDelegate$BeanPostProcessorChecker : Bean 'org.springframework.cloud.autoconfigure.ConfigurationPropertiesRebinderAutoConfiguration' of type [org.springframework.cloud.autoconfigure.ConfigurationPropertiesRebinderAutoConfiguration$$EnhancerBySpringCGLIB$$f4a93927] is not eligible for getting processed by all BeanPostProcessors (for example: not eligible for auto-proxying)
2020-03-24 20:55:50.418  INFO 12500 --- [main] o.s.b.w.embedded.tomcat.TomcatWebServer  : Tomcat initialized with port(s): 81 (http)
2020-03-24 20:55:50.437  INFO 12500 --- [main] o.apache.catalina.core.StandardService   : Starting service [Tomcat]
2020-03-24 20:55:50.437  INFO 12500 --- [main] org.apache.catalina.core.StandardEngine  : Starting Servlet Engine: Apache Tomcat/8.5.29
2020-03-24 20:55:50.441  INFO 12500 --- [localhost-startStop-1] o.a.catalina.core.AprLifecycleListener   : The APR based Apache Tomcat Native library which allows optimal performance in production environments was not found on the java.library.path: [D:\java\jdk1.8.0_171\bin;C:\Windows\Sun\Java\bin;C:\Windows\system32;C:\Windows;D:\java\jdk1.8.0_171\bin;D:\java\jre1.8.0_171;C:\Program Files (x86)\Common Files\Oracle\Java\javapath;C:\Windows\system32;C:\Windows;C:\Windows\System32\Wbem;C:\Windows\System32\WindowsPowerShell\v1.0\;C:\Windows\System32\OpenSSH\;C:\Program Files (x86)\NVIDIA Corporation\PhysX\Common;C:\Program Files\NVIDIA Corporation\NVIDIA NvDLISR;%MAVEN_HOME%\bin;C:\Program Files\Git\cmd;C:\Program Files\Git\bin;C:\Users\Administrator\AppData\Local\Microsoft\WindowsApps;;.]
2020-03-24 20:55:50.535  INFO 12500 --- [localhost-startStop-1] o.a.c.c.C.[Tomcat].[localhost].[/]       : Initializing Spring embedded WebApplicationContext
2020-03-24 20:55:50.539  INFO 12500 --- [localhost-startStop-1] o.s.web.context.ContextLoader            : Root WebApplicationContext: initialization completed in 21261 ms
2020-03-24 20:55:53.024  INFO 12500 --- [localhost-startStop-1] o.s.cloud.commons.util.InetUtils         : Cannot determine local hostname
2020-03-24 20:55:55.302  INFO 12500 --- [localhost-startStop-1] o.s.cloud.commons.util.InetUtils         : Cannot determine local hostname
2020-03-24 20:55:55.920  WARN 12500 --- [localhost-startStop-1] c.n.c.sources.URLConfigurationSource     : No URLs will be polled as dynamic configuration sources.
2020-03-24 20:55:55.923  INFO 12500 --- [localhost-startStop-1] c.n.c.sources.URLConfigurationSource     : To enable URLs as dynamic configuration sources, define System property archaius.configurationSource.additionalUrls or make config.properties available on classpath.
2020-03-24 20:55:55.923  INFO 12500 --- [localhost-startStop-1] c.netflix.config.DynamicPropertyFactory  : DynamicPropertyFactory is initialized with configuration sources: com.netflix.config.ConcurrentCompositeConfiguration@a6fb3f0
2020-03-24 20:55:56.076  INFO 12500 --- [localhost-startStop-1] o.s.b.w.servlet.ServletRegistrationBean  : Servlet dispatcherServlet mapped to [/]
2020-03-24 20:55:56.080  INFO 12500 --- [localhost-startStop-1] o.s.b.w.servlet.ServletRegistrationBean  : Servlet zuulServlet mapped to [/zuul/*]
2020-03-24 20:55:56.080  INFO 12500 --- [localhost-startStop-1] o.s.b.w.servlet.FilterRegistrationBean   : Mapping filter: 'characterEncodingFilter' to: [/*]
2020-03-24 20:55:56.084  INFO 12500 --- [localhost-startStop-1] o.s.b.w.servlet.FilterRegistrationBean   : Mapping filter: 'hiddenHttpMethodFilter' to: [/*]
2020-03-24 20:55:56.084  INFO 12500 --- [localhost-startStop-1] o.s.b.w.servlet.FilterRegistrationBean   : Mapping filter: 'httpPutFormContentFilter' to: [/*]
2020-03-24 20:55:56.084  INFO 12500 --- [localhost-startStop-1] o.s.b.w.servlet.FilterRegistrationBean   : Mapping filter: 'requestContextFilter' to: [/*]
2020-03-24 20:55:56.084  INFO 12500 --- [localhost-startStop-1] o.s.b.w.servlet.FilterRegistrationBean   : Mapping filter: 'httpTraceFilter' to: [/*]
2020-03-24 20:55:56.084  INFO 12500 --- [localhost-startStop-1] o.s.b.w.servlet.FilterRegistrationBean   : Mapping filter: 'webMvcMetricsFilter' to: [/*]
2020-03-24 20:55:56.377  INFO 12500 --- [main] s.w.s.m.m.a.RequestMappingHandlerMapping : Mapped "{[/swagger-resources/configuration/ui]}" onto public org.springframework.http.ResponseEntity<springfox.documentation.swagger.web.UiConfiguration> springfox.documentation.swagger.web.ApiResourceController.uiConfiguration()
2020-03-24 20:55:56.377  INFO 12500 --- [main] s.w.s.m.m.a.RequestMappingHandlerMapping : Mapped "{[/swagger-resources]}" onto public org.springframework.http.ResponseEntity<java.util.List<springfox.documentation.swagger.web.SwaggerResource>> springfox.documentation.swagger.web.ApiResourceController.swaggerResources()
2020-03-24 20:55:56.377  INFO 12500 --- [main] s.w.s.m.m.a.RequestMappingHandlerMapping : Mapped "{[/swagger-resources/configuration/security]}" onto public org.springframework.http.ResponseEntity<springfox.documentation.swagger.web.SecurityConfiguration> springfox.documentation.swagger.web.ApiResourceController.securityConfiguration()
2020-03-24 20:55:56.385  INFO 12500 --- [main] s.w.s.m.m.a.RequestMappingHandlerMapping : Mapped "{[/error]}" onto public org.springframework.http.ResponseEntity<java.util.Map<java.lang.String, java.lang.Object>> org.springframework.boot.autoconfigure.web.servlet.error.BasicErrorController.error(javax.servlet.http.HttpServletRequest)
2020-03-24 20:55:56.385  INFO 12500 --- [main] s.w.s.m.m.a.RequestMappingHandlerMapping : Mapped "{[/error],produces=[text/html]}" onto public org.springframework.web.servlet.ModelAndView org.springframework.boot.autoconfigure.web.servlet.error.BasicErrorController.errorHtml(javax.servlet.http.HttpServletRequest,javax.servlet.http.HttpServletResponse)
2020-03-24 20:55:56.471  INFO 12500 --- [main] o.s.b.a.e.web.EndpointLinksResolver      : Exposing 2 endpoint(s) beneath base path '/actuator'
2020-03-24 20:55:56.482  INFO 12500 --- [main] s.b.a.e.w.s.WebMvcEndpointHandlerMapping : Mapped "{[/actuator/health],methods=[GET],produces=[application/vnd.spring-boot.actuator.v2+json || application/json]}" onto public java.lang.Object org.springframework.boot.actuate.endpoint.web.servlet.AbstractWebMvcEndpointHandlerMapping$OperationHandler.handle(javax.servlet.http.HttpServletRequest,java.util.Map<java.lang.String, java.lang.String>)
2020-03-24 20:55:56.482  INFO 12500 --- [main] s.b.a.e.w.s.WebMvcEndpointHandlerMapping : Mapped "{[/actuator/info],methods=[GET],produces=[application/vnd.spring-boot.actuator.v2+json || application/json]}" onto public java.lang.Object org.springframework.boot.actuate.endpoint.web.servlet.AbstractWebMvcEndpointHandlerMapping$OperationHandler.handle(javax.servlet.http.HttpServletRequest,java.util.Map<java.lang.String, java.lang.String>)
2020-03-24 20:55:56.482  INFO 12500 --- [main] s.b.a.e.w.s.WebMvcEndpointHandlerMapping : Mapped "{[/actuator],methods=[GET],produces=[application/vnd.spring-boot.actuator.v2+json || application/json]}" onto protected java.util.Map<java.lang.String, java.util.Map<java.lang.String, org.springframework.boot.actuate.endpoint.web.Link>> org.springframework.boot.actuate.endpoint.web.servlet.WebMvcEndpointHandlerMapping.links(javax.servlet.http.HttpServletRequest,javax.servlet.http.HttpServletResponse)
2020-03-24 20:55:56.615  INFO 12500 --- [main] pertySourcedRequestMappingHandlerMapping : Mapped URL path [/v2/api-docs] onto method [public org.springframework.http.ResponseEntity<springfox.documentation.spring.web.json.Json> springfox.documentation.swagger2.web.Swagger2Controller.getDocumentation(java.lang.String,javax.servlet.http.HttpServletRequest)]
2020-03-24 20:55:56.681  WARN 12500 --- [main] c.n.c.sources.URLConfigurationSource     : No URLs will be polled as dynamic configuration sources.
2020-03-24 20:55:56.681  INFO 12500 --- [main] c.n.c.sources.URLConfigurationSource     : To enable URLs as dynamic configuration sources, define System property archaius.configurationSource.additionalUrls or make config.properties available on classpath.
2020-03-24 20:55:56.744  INFO 12500 --- [main] o.s.w.s.handler.SimpleUrlHandlerMapping  : Mapped URL path [/**/favicon.ico] onto handler of type [class org.springframework.web.servlet.resource.ResourceHttpRequestHandler]
2020-03-24 20:55:56.908  INFO 12500 --- [main] s.w.s.m.m.a.RequestMappingHandlerAdapter : Looking for @ControllerAdvice: org.springframework.boot.web.servlet.context.AnnotationConfigServletWebServerApplicationContext@3a1dd365: startup date [Tue Mar 24 20:55:29 CST 2020]; parent: org.springframework.context.annotation.AnnotationConfigApplicationContext@536f2a7e
2020-03-24 20:55:56.951  INFO 12500 --- [main] o.s.w.s.handler.SimpleUrlHandlerMapping  : Mapped URL path [/webjars/**] onto handler of type [class org.springframework.web.servlet.resource.ResourceHttpRequestHandler]
2020-03-24 20:55:56.951  INFO 12500 --- [main] o.s.w.s.handler.SimpleUrlHandlerMapping  : Mapped URL path [/**] onto handler of type [class org.springframework.web.servlet.resource.ResourceHttpRequestHandler]
2020-03-24 20:55:58.119  INFO 12500 --- [main] o.s.c.n.zuul.ZuulFilterInitializer       : Starting filter initializer
2020-03-24 20:55:58.150  INFO 12500 --- [main] o.s.j.e.a.AnnotationMBeanExporter        : Registering beans for JMX exposure on startup
2020-03-24 20:55:58.162  INFO 12500 --- [main] o.s.j.e.a.AnnotationMBeanExporter        : Bean with name 'configurationPropertiesRebinder' has been autodetected for JMX exposure
2020-03-24 20:55:58.162  INFO 12500 --- [main] o.s.j.e.a.AnnotationMBeanExporter        : Bean with name 'environmentManager' has been autodetected for JMX exposure
2020-03-24 20:55:58.162  INFO 12500 --- [main] o.s.j.e.a.AnnotationMBeanExporter        : Bean with name 'refreshScope' has been autodetected for JMX exposure
2020-03-24 20:55:58.162  INFO 12500 --- [main] o.s.j.e.a.AnnotationMBeanExporter        : Located managed bean 'environmentManager': registering with JMX server as MBean [org.springframework.cloud.context.environment:name=environmentManager,type=EnvironmentManager]
2020-03-24 20:55:58.170  INFO 12500 --- [main] o.s.j.e.a.AnnotationMBeanExporter        : Located managed bean 'refreshScope': registering with JMX server as MBean [org.springframework.cloud.context.scope.refresh:name=refreshScope,type=RefreshScope]
2020-03-24 20:55:58.177  INFO 12500 --- [main] o.s.j.e.a.AnnotationMBeanExporter        : Located managed bean 'configurationPropertiesRebinder': registering with JMX server as MBean [org.springframework.cloud.context.properties:name=configurationPropertiesRebinder,context=3a1dd365,type=ConfigurationPropertiesRebinder]
2020-03-24 20:55:58.189  INFO 12500 --- [main] o.s.c.support.DefaultLifecycleProcessor  : Starting beans in phase 0
2020-03-24 20:55:58.193  INFO 12500 --- [main] o.s.c.n.eureka.InstanceInfoFactory       : Setting initial instance status as: STARTING
2020-03-24 20:55:58.220  INFO 12500 --- [main] com.netflix.discovery.DiscoveryClient    : Initializing Eureka in region us-east-1
2020-03-24 20:55:58.256  INFO 12500 --- [main] c.n.d.provider.DiscoveryJerseyProvider   : Using JSON encoding codec LegacyJacksonJson
2020-03-24 20:55:58.256  INFO 12500 --- [main] c.n.d.provider.DiscoveryJerseyProvider   : Using JSON decoding codec LegacyJacksonJson
2020-03-24 20:55:58.318  INFO 12500 --- [main] c.n.d.provider.DiscoveryJerseyProvider   : Using XML encoding codec XStreamXml
2020-03-24 20:55:58.322  INFO 12500 --- [main] c.n.d.provider.DiscoveryJerseyProvider   : Using XML decoding codec XStreamXml
2020-03-24 20:55:58.490  INFO 12500 --- [main] c.n.d.s.r.aws.ConfigClusterResolver      : Resolving eureka endpoints via configuration
2020-03-24 20:55:59.068  INFO 12500 --- [main] com.netflix.discovery.DiscoveryClient    : Disable delta property : false
2020-03-24 20:55:59.068  INFO 12500 --- [main] com.netflix.discovery.DiscoveryClient    : Single vip registry refresh property : null
2020-03-24 20:55:59.068  INFO 12500 --- [main] com.netflix.discovery.DiscoveryClient    : Force full registry fetch : false
2020-03-24 20:55:59.068  INFO 12500 --- [main] com.netflix.discovery.DiscoveryClient    : Application is null : false
2020-03-24 20:55:59.068  INFO 12500 --- [main] com.netflix.discovery.DiscoveryClient    : Registered Applications size is zero : true
2020-03-24 20:55:59.068  INFO 12500 --- [main] com.netflix.discovery.DiscoveryClient    : Application version is -1: true
2020-03-24 20:55:59.068  INFO 12500 --- [main] com.netflix.discovery.DiscoveryClient    : Getting all instance registry info from the eureka server
2020-03-24 20:55:59.197  INFO 12500 --- [main] com.netflix.discovery.DiscoveryClient    : The response status is 200
2020-03-24 20:55:59.197  INFO 12500 --- [main] com.netflix.discovery.DiscoveryClient    : Starting heartbeat executor: renew interval is: 30
2020-03-24 20:55:59.197  INFO 12500 --- [main] c.n.discovery.InstanceInfoReplicator     : InstanceInfoReplicator onDemand update allowed rate per min is 4
2020-03-24 20:55:59.201  INFO 12500 --- [main] com.netflix.discovery.DiscoveryClient    : Discovery Client initialized at timestamp 1585054559201 with initial instances count: 5
2020-03-24 20:55:59.205  INFO 12500 --- [main] o.s.c.n.e.s.EurekaServiceRegistry        : Registering application app-mayikt-zuul with eureka with status UP
2020-03-24 20:55:59.205  INFO 12500 --- [main] com.netflix.discovery.DiscoveryClient    : Saw local status change event StatusChangeEvent [timestamp=1585054559205, current=UP, previous=STARTING]
2020-03-24 20:55:59.208  INFO 12500 --- [DiscoveryClient-InstanceInfoReplicator-0] com.netflix.discovery.DiscoveryClient    : DiscoveryClient_APP-MAYIKT-ZUUL/localhost:app-mayikt-zuul:81: registering service...
2020-03-24 20:55:59.212  INFO 12500 --- [main] o.s.c.support.DefaultLifecycleProcessor  : Starting beans in phase 2147483647
2020-03-24 20:55:59.212  INFO 12500 --- [main] d.s.w.p.DocumentationPluginsBootstrapper : Context refreshed
2020-03-24 20:55:59.216  INFO 12500 --- [main] d.s.w.p.DocumentationPluginsBootstrapper : Found 1 custom documentation plugin(s)
2020-03-24 20:55:59.240  INFO 12500 --- [main] s.d.s.w.s.ApiListingReferenceScanner     : Scanning for api listing references
2020-03-24 20:55:59.259  INFO 12500 --- [DiscoveryClient-InstanceInfoReplicator-0] com.netflix.discovery.DiscoveryClient    : DiscoveryClient_APP-MAYIKT-ZUUL/localhost:app-mayikt-zuul:81 - registration status: 204
2020-03-24 20:55:59.361  INFO 12500 --- [main] s.b.v.p.parameter.SizeAnnotationPlugin   : searching for @size: false
2020-03-24 20:55:59.361  INFO 12500 --- [main] s.b.v.p.parameter.SizeAnnotationPlugin   : searching for @size: false
2020-03-24 20:55:59.361  INFO 12500 --- [main] .d.s.w.r.o.CachingOperationNameGenerator : Generating unique operation named: handleUsingGET_1
2020-03-24 20:55:59.408  INFO 12500 --- [main] o.s.b.w.embedded.tomcat.TomcatWebServer  : Tomcat started on port(s): 81 (http) with context path ''
2020-03-24 20:55:59.408  INFO 12500 --- [main] .s.c.n.e.s.EurekaAutoServiceRegistration : Updating port to 81
2020-03-24 20:55:59.408  INFO 12500 --- [main] com.demo.AppGateWay                      : Started AppGateWay in 35.488 seconds (JVM running for 37.222)
2020-03-24 20:55:59.586  INFO 12500 --- [RMI TCP Connection(6)-127.0.0.1] o.a.c.c.C.[Tomcat].[localhost].[/]       : Initializing Spring FrameworkServlet 'dispatcherServlet'
2020-03-24 20:55:59.586  INFO 12500 --- [RMI TCP Connection(6)-127.0.0.1] o.s.web.servlet.DispatcherServlet        : FrameworkServlet 'dispatcherServlet': initialization started
2020-03-24 20:55:59.632  INFO 12500 --- [RMI TCP Connection(6)-127.0.0.1] o.s.web.servlet.DispatcherServlet        : FrameworkServlet 'dispatcherServlet': initialization completed in 46 ms
2020-03-24 20:56:41.640  INFO 12500 --- [http-nio-81-exec-1] o.s.c.n.zuul.web.ZuulHandlerMapping      : Mapped URL path [/api-weixin/**] onto handler of type [class org.springframework.cloud.netflix.zuul.web.ZuulController]
2020-03-24 20:56:41.640  INFO 12500 --- [http-nio-81-exec-1] o.s.c.n.zuul.web.ZuulHandlerMapping      : Mapped URL path [/api-member/**] onto handler of type [class org.springframework.cloud.netflix.zuul.web.ZuulController]
2020-03-24 20:56:41.640  INFO 12500 --- [http-nio-81-exec-1] o.s.c.n.zuul.web.ZuulHandlerMapping      : Mapped URL path [/app-mayikt-weixin/**] onto handler of type [class org.springframework.cloud.netflix.zuul.web.ZuulController]
2020-03-24 20:56:41.640  INFO 12500 --- [http-nio-81-exec-1] o.s.c.n.zuul.web.ZuulHandlerMapping      : Mapped URL path [/app-mayikt-member/**] onto handler of type [class org.springframework.cloud.netflix.zuul.web.ZuulController]
2020-03-24 20:56:41.640  INFO 12500 --- [http-nio-81-exec-1] o.s.c.n.zuul.web.ZuulHandlerMapping      : Mapped URL path [/apollo-configservice/**] onto handler of type [class org.springframework.cloud.netflix.zuul.web.ZuulController]
2020-03-24 20:56:41.640  INFO 12500 --- [http-nio-81-exec-1] o.s.c.n.zuul.web.ZuulHandlerMapping      : Mapped URL path [/apollo-adminservice/**] onto handler of type [class org.springframework.cloud.netflix.zuul.web.ZuulController]
2020-03-24 20:56:41.640  INFO 12500 --- [http-nio-81-exec-1] o.s.c.n.zuul.web.ZuulHandlerMapping      : Mapped URL path [/unknown/**] onto handler of type [class org.springframework.cloud.netflix.zuul.web.ZuulController]
2020-03-24 20:56:41.804  INFO 12500 --- [http-nio-81-exec-4] s.c.a.AnnotationConfigApplicationContext : Refreshing SpringClientFactory-app-mayikt-member: startup date [Tue Mar 24 20:56:41 CST 2020]; parent: org.springframework.boot.web.servlet.context.AnnotationConfigServletWebServerApplicationContext@3a1dd365
2020-03-24 20:56:41.847  INFO 12500 --- [http-nio-81-exec-4] f.a.AutowiredAnnotationBeanPostProcessor : JSR-330 'javax.inject.Inject' annotation found and supported for autowiring
2020-03-24 20:56:41.994  INFO 12500 --- [http-nio-81-exec-4] c.netflix.config.ChainedDynamicProperty  : Flipping property: app-mayikt-member.ribbon.ActiveConnectionsLimit to use NEXT property: niws.loadbalancer.availabilityFilteringRule.activeConnectionsLimit = 2147483647
2020-03-24 20:56:42.029  INFO 12500 --- [http-nio-81-exec-4] c.n.u.concurrent.ShutdownEnabledTimer    : Shutdown hook installed for: NFLoadBalancer-PingTimer-app-mayikt-member
2020-03-24 20:56:42.032  INFO 12500 --- [http-nio-81-exec-4] c.netflix.loadbalancer.BaseLoadBalancer  : Client: app-mayikt-member instantiated a LoadBalancer: DynamicServerListLoadBalancer:{NFLoadBalancer:name=app-mayikt-member,current list of Servers=[],Load balancer stats=Zone stats: {},Server stats: []}ServerList:null
2020-03-24 20:56:42.041  INFO 12500 --- [http-nio-81-exec-4] c.n.l.DynamicServerListLoadBalancer      : Using serverListUpdater PollingServerListUpdater
2020-03-24 20:56:42.051  INFO 12500 --- [http-nio-81-exec-4] c.netflix.config.ChainedDynamicProperty  : Flipping property: app-mayikt-member.ribbon.ActiveConnectionsLimit to use NEXT property: niws.loadbalancer.availabilityFilteringRule.activeConnectionsLimit = 2147483647
2020-03-24 20:56:42.052  INFO 12500 --- [http-nio-81-exec-4] c.n.l.DynamicServerListLoadBalancer      : DynamicServerListLoadBalancer for client app-mayikt-member initialized: DynamicServerListLoadBalancer:{NFLoadBalancer:name=app-mayikt-member,current list of Servers=[localhost:8300],Load balancer stats=Zone stats: {defaultzone=[Zone:defaultzone;	Instance count:1;	Active connections count: 0;	Circuit breaker tripped count: 0;	Active connections per server: 0.0;]
},Server stats: [[Server:localhost:8300;	Zone:defaultZone;	Total Requests:0;	Successive connection failure:0;	Total blackout seconds:0;	Last connection made:Thu Jan 01 08:00:00 CST 1970;	First connection made: Thu Jan 01 08:00:00 CST 1970;	Active Connections:0;	total failure count in last (1000) msecs:0;	average resp time:0.0;	90 percentile resp time:0.0;	95 percentile resp time:0.0;	min resp time:0.0;	max resp time:0.0;	stddev resp time:0.0]
]}ServerList:org.springframework.cloud.netflix.ribbon.eureka.DomainExtractingServerList@6cb0b794
2020-03-24 20:56:43.045  INFO 12500 --- [PollingServerListUpdater-0] c.netflix.config.ChainedDynamicProperty  : Flipping property: app-mayikt-member.ribbon.ActiveConnectionsLimit to use NEXT property: niws.loadbalancer.availabilityFilteringRule.activeConnectionsLimit = 2147483647
2020-03-24 20:57:16.025  INFO 12500 --- [http-nio-81-exec-7] s.c.a.AnnotationConfigApplicationContext : Refreshing SpringClientFactory-app-mayikt-weixin: startup date [Tue Mar 24 20:57:16 CST 2020]; parent: org.springframework.boot.web.servlet.context.AnnotationConfigServletWebServerApplicationContext@3a1dd365
2020-03-24 20:57:16.050  INFO 12500 --- [http-nio-81-exec-7] f.a.AutowiredAnnotationBeanPostProcessor : JSR-330 'javax.inject.Inject' annotation found and supported for autowiring
2020-03-24 20:57:16.063  INFO 12500 --- [http-nio-81-exec-7] c.netflix.config.ChainedDynamicProperty  : Flipping property: app-mayikt-weixin.ribbon.ActiveConnectionsLimit to use NEXT property: niws.loadbalancer.availabilityFilteringRule.activeConnectionsLimit = 2147483647
2020-03-24 20:57:16.064  INFO 12500 --- [http-nio-81-exec-7] c.n.u.concurrent.ShutdownEnabledTimer    : Shutdown hook installed for: NFLoadBalancer-PingTimer-app-mayikt-weixin
2020-03-24 20:57:16.065  INFO 12500 --- [http-nio-81-exec-7] c.netflix.loadbalancer.BaseLoadBalancer  : Client: app-mayikt-weixin instantiated a LoadBalancer: DynamicServerListLoadBalancer:{NFLoadBalancer:name=app-mayikt-weixin,current list of Servers=[],Load balancer stats=Zone stats: {},Server stats: []}ServerList:null
2020-03-24 20:57:16.066  INFO 12500 --- [http-nio-81-exec-7] c.n.l.DynamicServerListLoadBalancer      : Using serverListUpdater PollingServerListUpdater
2020-03-24 20:57:16.067  INFO 12500 --- [http-nio-81-exec-7] c.netflix.config.ChainedDynamicProperty  : Flipping property: app-mayikt-weixin.ribbon.ActiveConnectionsLimit to use NEXT property: niws.loadbalancer.availabilityFilteringRule.activeConnectionsLimit = 2147483647
2020-03-24 20:57:16.068  INFO 12500 --- [http-nio-81-exec-7] c.n.l.DynamicServerListLoadBalancer      : DynamicServerListLoadBalancer for client app-mayikt-weixin initialized: DynamicServerListLoadBalancer:{NFLoadBalancer:name=app-mayikt-weixin,current list of Servers=[localhost:8200],Load balancer stats=Zone stats: {defaultzone=[Zone:defaultzone;	Instance count:1;	Active connections count: 0;	Circuit breaker tripped count: 0;	Active connections per server: 0.0;]
},Server stats: [[Server:localhost:8200;	Zone:defaultZone;	Total Requests:0;	Successive connection failure:0;	Total blackout seconds:0;	Last connection made:Thu Jan 01 08:00:00 CST 1970;	First connection made: Thu Jan 01 08:00:00 CST 1970;	Active Connections:0;	total failure count in last (1000) msecs:0;	average resp time:0.0;	90 percentile resp time:0.0;	95 percentile resp time:0.0;	min resp time:0.0;	max resp time:0.0;	stddev resp time:0.0]
]}ServerList:org.springframework.cloud.netflix.ribbon.eureka.DomainExtractingServerList@4dfb1e96
2020-03-24 20:57:17.069  INFO 12500 --- [PollingServerListUpdater-0] c.netflix.config.ChainedDynamicProperty  : Flipping property: app-mayikt-weixin.ribbon.ActiveConnectionsLimit to use NEXT property: niws.loadbalancer.availabilityFilteringRule.activeConnectionsLimit = 2147483647
2020-03-24 21:12:08.280  INFO 9864 --- [main] com.demo.AppGateWay                      : No active profile set, falling back to default profiles: default
2020-03-24 21:12:08.296  INFO 9864 --- [main] ConfigServletWebServerApplicationContext : Refreshing org.springframework.boot.web.servlet.context.AnnotationConfigServletWebServerApplicationContext@ccb4b1b: startup date [Tue Mar 24 21:12:08 CST 2020]; parent: org.springframework.context.annotation.AnnotationConfigApplicationContext@268f106e
2020-03-24 21:12:08.951  INFO 9864 --- [main] o.s.b.f.s.DefaultListableBeanFactory     : Overriding bean definition for bean 'environmentWebEndpointExtension' with a different definition: replacing [Root bean: class [null]; scope=; abstract=false; lazyInit=false; autowireMode=3; dependencyCheck=0; autowireCandidate=true; primary=false; factoryBeanName=org.springframework.boot.actuate.autoconfigure.env.EnvironmentEndpointAutoConfiguration; factoryMethodName=environmentWebEndpointExtension; initMethodName=null; destroyMethodName=(inferred); defined in class path resource [org/springframework/boot/actuate/autoconfigure/env/EnvironmentEndpointAutoConfiguration.class]] with [Root bean: class [null]; scope=; abstract=false; lazyInit=false; autowireMode=3; dependencyCheck=0; autowireCandidate=true; primary=false; factoryBeanName=org.springframework.cloud.autoconfigure.LifecycleMvcEndpointAutoConfiguration$EndpointConfiguration; factoryMethodName=environmentWebEndpointExtension; initMethodName=null; destroyMethodName=(inferred); defined in class path resource [org/springframework/cloud/autoconfigure/LifecycleMvcEndpointAutoConfiguration$EndpointConfiguration.class]]
2020-03-24 21:12:08.996  INFO 9864 --- [main] o.s.b.f.s.DefaultListableBeanFactory     : Overriding bean definition for bean 'proxyRequestHelper' with a different definition: replacing [Root bean: class [null]; scope=; abstract=false; lazyInit=false; autowireMode=3; dependencyCheck=0; autowireCandidate=true; primary=false; factoryBeanName=org.springframework.cloud.netflix.zuul.ZuulProxyAutoConfiguration$EndpointConfiguration; factoryMethodName=proxyRequestHelper; initMethodName=null; destroyMethodName=(inferred); defined in class path resource [org/springframework/cloud/netflix/zuul/ZuulProxyAutoConfiguration$EndpointConfiguration.class]] with [Root bean: class [null]; scope=; abstract=false; lazyInit=false; autowireMode=3; dependencyCheck=0; autowireCandidate=true; primary=false; factoryBeanName=org.springframework.cloud.netflix.zuul.ZuulProxyAutoConfiguration$NoActuatorConfiguration; factoryMethodName=proxyRequestHelper; initMethodName=null; destroyMethodName=(inferred); defined in class path resource [org/springframework/cloud/netflix/zuul/ZuulProxyAutoConfiguration$NoActuatorConfiguration.class]]
2020-03-24 21:12:09.002  INFO 9864 --- [main] o.s.b.f.s.DefaultListableBeanFactory     : Overriding bean definition for bean 'counterFactory' with a different definition: replacing [Root bean: class [null]; scope=; abstract=false; lazyInit=false; autowireMode=3; dependencyCheck=0; autowireCandidate=true; primary=false; factoryBeanName=org.springframework.cloud.netflix.zuul.ZuulServerAutoConfiguration$ZuulMetricsConfiguration; factoryMethodName=counterFactory; initMethodName=null; destroyMethodName=(inferred); defined in class path resource [org/springframework/cloud/netflix/zuul/ZuulServerAutoConfiguration$ZuulMetricsConfiguration.class]] with [Root bean: class [null]; scope=; abstract=false; lazyInit=false; autowireMode=3; dependencyCheck=0; autowireCandidate=true; primary=false; factoryBeanName=org.springframework.cloud.netflix.zuul.ZuulServerAutoConfiguration$ZuulCounterFactoryConfiguration; factoryMethodName=counterFactory; initMethodName=null; destroyMethodName=(inferred); defined in class path resource [org/springframework/cloud/netflix/zuul/ZuulServerAutoConfiguration$ZuulCounterFactoryConfiguration.class]]
2020-03-24 21:12:09.067  INFO 9864 --- [main] c.c.f.f.i.p.DefaultApplicationProvider   : App ID is set to wanglei-shop-zuul by app.id property from System Property
2020-03-24 21:12:09.069  INFO 9864 --- [main] c.c.f.f.i.p.DefaultServerProvider        : Environment is set to null. Because it is not available in either (1) JVM system property 'env', (2) OS env variable 'ENV' nor (3) property 'env' from the properties InputStream.
2020-03-24 21:12:09.194  INFO 9864 --- [main] o.s.cloud.context.scope.GenericScope     : BeanFactory id=c0281bae-54ed-30b5-9741-9fbd537252e8
2020-03-24 21:12:09.250  INFO 9864 --- [main] c.c.f.a.i.DefaultMetaServerProvider      : Located meta services from apollo.meta configuration: http://121.40.70.177:8080!
2020-03-24 21:12:09.252  INFO 9864 --- [main] c.c.f.apollo.core.MetaDomainConsts       : Located meta server address http://121.40.70.177:8080 for env UNKNOWN from com.ctrip.framework.apollo.internals.DefaultMetaServerProvider
2020-03-24 21:12:28.780  INFO 9864 --- [main] f.a.AutowiredAnnotationBeanPostProcessor : JSR-330 'javax.inject.Inject' annotation found and supported for autowiring
2020-03-24 21:12:29.044  INFO 9864 --- [main] trationDelegate$BeanPostProcessorChecker : Bean 'org.springframework.cloud.autoconfigure.ConfigurationPropertiesRebinderAutoConfiguration' of type [org.springframework.cloud.autoconfigure.ConfigurationPropertiesRebinderAutoConfiguration$$EnhancerBySpringCGLIB$$61f00f9b] is not eligible for getting processed by all BeanPostProcessors (for example: not eligible for auto-proxying)
2020-03-24 21:12:29.295  INFO 9864 --- [main] o.s.b.w.embedded.tomcat.TomcatWebServer  : Tomcat initialized with port(s): 81 (http)
2020-03-24 21:12:29.312  INFO 9864 --- [main] o.apache.catalina.core.StandardService   : Starting service [Tomcat]
2020-03-24 21:12:29.312  INFO 9864 --- [main] org.apache.catalina.core.StandardEngine  : Starting Servlet Engine: Apache Tomcat/8.5.29
2020-03-24 21:12:29.316  INFO 9864 --- [localhost-startStop-1] o.a.catalina.core.AprLifecycleListener   : The APR based Apache Tomcat Native library which allows optimal performance in production environments was not found on the java.library.path: [D:\java\jdk1.8.0_171\bin;C:\Windows\Sun\Java\bin;C:\Windows\system32;C:\Windows;D:\java\jdk1.8.0_171\bin;D:\java\jre1.8.0_171;C:\Program Files (x86)\Common Files\Oracle\Java\javapath;C:\Windows\system32;C:\Windows;C:\Windows\System32\Wbem;C:\Windows\System32\WindowsPowerShell\v1.0\;C:\Windows\System32\OpenSSH\;C:\Program Files (x86)\NVIDIA Corporation\PhysX\Common;C:\Program Files\NVIDIA Corporation\NVIDIA NvDLISR;%MAVEN_HOME%\bin;C:\Program Files\Git\cmd;C:\Program Files\Git\bin;C:\Users\Administrator\AppData\Local\Microsoft\WindowsApps;;.]
2020-03-24 21:12:29.422  INFO 9864 --- [localhost-startStop-1] o.a.c.c.C.[Tomcat].[localhost].[/]       : Initializing Spring embedded WebApplicationContext
2020-03-24 21:12:29.422  INFO 9864 --- [localhost-startStop-1] o.s.web.context.ContextLoader            : Root WebApplicationContext: initialization completed in 21126 ms
2020-03-24 21:12:31.983  INFO 9864 --- [localhost-startStop-1] o.s.cloud.commons.util.InetUtils         : Cannot determine local hostname
2020-03-24 21:12:34.309  INFO 9864 --- [localhost-startStop-1] o.s.cloud.commons.util.InetUtils         : Cannot determine local hostname
2020-03-24 21:12:34.946  WARN 9864 --- [localhost-startStop-1] c.n.c.sources.URLConfigurationSource     : No URLs will be polled as dynamic configuration sources.
2020-03-24 21:12:34.946  INFO 9864 --- [localhost-startStop-1] c.n.c.sources.URLConfigurationSource     : To enable URLs as dynamic configuration sources, define System property archaius.configurationSource.additionalUrls or make config.properties available on classpath.
2020-03-24 21:12:34.950  INFO 9864 --- [localhost-startStop-1] c.netflix.config.DynamicPropertyFactory  : DynamicPropertyFactory is initialized with configuration sources: com.netflix.config.ConcurrentCompositeConfiguration@86e306d
2020-03-24 21:12:35.045  INFO 9864 --- [localhost-startStop-1] o.s.b.w.servlet.ServletRegistrationBean  : Servlet dispatcherServlet mapped to [/]
2020-03-24 21:12:35.046  INFO 9864 --- [localhost-startStop-1] o.s.b.w.servlet.ServletRegistrationBean  : Servlet zuulServlet mapped to [/zuul/*]
2020-03-24 21:12:35.050  INFO 9864 --- [localhost-startStop-1] o.s.b.w.servlet.FilterRegistrationBean   : Mapping filter: 'characterEncodingFilter' to: [/*]
2020-03-24 21:12:35.050  INFO 9864 --- [localhost-startStop-1] o.s.b.w.servlet.FilterRegistrationBean   : Mapping filter: 'hiddenHttpMethodFilter' to: [/*]
2020-03-24 21:12:35.050  INFO 9864 --- [localhost-startStop-1] o.s.b.w.servlet.FilterRegistrationBean   : Mapping filter: 'httpPutFormContentFilter' to: [/*]
2020-03-24 21:12:35.050  INFO 9864 --- [localhost-startStop-1] o.s.b.w.servlet.FilterRegistrationBean   : Mapping filter: 'requestContextFilter' to: [/*]
2020-03-24 21:12:35.051  INFO 9864 --- [localhost-startStop-1] o.s.b.w.servlet.FilterRegistrationBean   : Mapping filter: 'httpTraceFilter' to: [/*]
2020-03-24 21:12:35.051  INFO 9864 --- [localhost-startStop-1] o.s.b.w.servlet.FilterRegistrationBean   : Mapping filter: 'webMvcMetricsFilter' to: [/*]
2020-03-24 21:12:35.394  INFO 9864 --- [main] s.w.s.m.m.a.RequestMappingHandlerMapping : Mapped "{[/swagger-resources/configuration/security]}" onto public org.springframework.http.ResponseEntity<springfox.documentation.swagger.web.SecurityConfiguration> springfox.documentation.swagger.web.ApiResourceController.securityConfiguration()
2020-03-24 21:12:35.395  INFO 9864 --- [main] s.w.s.m.m.a.RequestMappingHandlerMapping : Mapped "{[/swagger-resources/configuration/ui]}" onto public org.springframework.http.ResponseEntity<springfox.documentation.swagger.web.UiConfiguration> springfox.documentation.swagger.web.ApiResourceController.uiConfiguration()
2020-03-24 21:12:35.396  INFO 9864 --- [main] s.w.s.m.m.a.RequestMappingHandlerMapping : Mapped "{[/swagger-resources]}" onto public org.springframework.http.ResponseEntity<java.util.List<springfox.documentation.swagger.web.SwaggerResource>> springfox.documentation.swagger.web.ApiResourceController.swaggerResources()
2020-03-24 21:12:35.400  INFO 9864 --- [main] s.w.s.m.m.a.RequestMappingHandlerMapping : Mapped "{[/error]}" onto public org.springframework.http.ResponseEntity<java.util.Map<java.lang.String, java.lang.Object>> org.springframework.boot.autoconfigure.web.servlet.error.BasicErrorController.error(javax.servlet.http.HttpServletRequest)
2020-03-24 21:12:35.401  INFO 9864 --- [main] s.w.s.m.m.a.RequestMappingHandlerMapping : Mapped "{[/error],produces=[text/html]}" onto public org.springframework.web.servlet.ModelAndView org.springframework.boot.autoconfigure.web.servlet.error.BasicErrorController.errorHtml(javax.servlet.http.HttpServletRequest,javax.servlet.http.HttpServletResponse)
2020-03-24 21:12:35.480  INFO 9864 --- [main] o.s.b.a.e.web.EndpointLinksResolver      : Exposing 2 endpoint(s) beneath base path '/actuator'
2020-03-24 21:12:35.493  INFO 9864 --- [main] s.b.a.e.w.s.WebMvcEndpointHandlerMapping : Mapped "{[/actuator/health],methods=[GET],produces=[application/vnd.spring-boot.actuator.v2+json || application/json]}" onto public java.lang.Object org.springframework.boot.actuate.endpoint.web.servlet.AbstractWebMvcEndpointHandlerMapping$OperationHandler.handle(javax.servlet.http.HttpServletRequest,java.util.Map<java.lang.String, java.lang.String>)
2020-03-24 21:12:35.493  INFO 9864 --- [main] s.b.a.e.w.s.WebMvcEndpointHandlerMapping : Mapped "{[/actuator/info],methods=[GET],produces=[application/vnd.spring-boot.actuator.v2+json || application/json]}" onto public java.lang.Object org.springframework.boot.actuate.endpoint.web.servlet.AbstractWebMvcEndpointHandlerMapping$OperationHandler.handle(javax.servlet.http.HttpServletRequest,java.util.Map<java.lang.String, java.lang.String>)
2020-03-24 21:12:35.494  INFO 9864 --- [main] s.b.a.e.w.s.WebMvcEndpointHandlerMapping : Mapped "{[/actuator],methods=[GET],produces=[application/vnd.spring-boot.actuator.v2+json || application/json]}" onto protected java.util.Map<java.lang.String, java.util.Map<java.lang.String, org.springframework.boot.actuate.endpoint.web.Link>> org.springframework.boot.actuate.endpoint.web.servlet.WebMvcEndpointHandlerMapping.links(javax.servlet.http.HttpServletRequest,javax.servlet.http.HttpServletResponse)
2020-03-24 21:12:35.636  INFO 9864 --- [main] pertySourcedRequestMappingHandlerMapping : Mapped URL path [/v2/api-docs] onto method [public org.springframework.http.ResponseEntity<springfox.documentation.spring.web.json.Json> springfox.documentation.swagger2.web.Swagger2Controller.getDocumentation(java.lang.String,javax.servlet.http.HttpServletRequest)]
2020-03-24 21:12:35.707  WARN 9864 --- [main] c.n.c.sources.URLConfigurationSource     : No URLs will be polled as dynamic configuration sources.
2020-03-24 21:12:35.707  INFO 9864 --- [main] c.n.c.sources.URLConfigurationSource     : To enable URLs as dynamic configuration sources, define System property archaius.configurationSource.additionalUrls or make config.properties available on classpath.
2020-03-24 21:12:35.766  INFO 9864 --- [main] o.s.w.s.handler.SimpleUrlHandlerMapping  : Mapped URL path [/**/favicon.ico] onto handler of type [class org.springframework.web.servlet.resource.ResourceHttpRequestHandler]
2020-03-24 21:12:35.931  INFO 9864 --- [main] s.w.s.m.m.a.RequestMappingHandlerAdapter : Looking for @ControllerAdvice: org.springframework.boot.web.servlet.context.AnnotationConfigServletWebServerApplicationContext@ccb4b1b: startup date [Tue Mar 24 21:12:08 CST 2020]; parent: org.springframework.context.annotation.AnnotationConfigApplicationContext@268f106e
2020-03-24 21:12:35.977  INFO 9864 --- [main] o.s.w.s.handler.SimpleUrlHandlerMapping  : Mapped URL path [/webjars/**] onto handler of type [class org.springframework.web.servlet.resource.ResourceHttpRequestHandler]
2020-03-24 21:12:35.977  INFO 9864 --- [main] o.s.w.s.handler.SimpleUrlHandlerMapping  : Mapped URL path [/**] onto handler of type [class org.springframework.web.servlet.resource.ResourceHttpRequestHandler]
2020-03-24 21:12:37.200  INFO 9864 --- [main] o.s.c.n.zuul.ZuulFilterInitializer       : Starting filter initializer
2020-03-24 21:12:37.236  INFO 9864 --- [main] o.s.j.e.a.AnnotationMBeanExporter        : Registering beans for JMX exposure on startup
2020-03-24 21:12:37.244  INFO 9864 --- [main] o.s.j.e.a.AnnotationMBeanExporter        : Bean with name 'configurationPropertiesRebinder' has been autodetected for JMX exposure
2020-03-24 21:12:37.245  INFO 9864 --- [main] o.s.j.e.a.AnnotationMBeanExporter        : Bean with name 'environmentManager' has been autodetected for JMX exposure
2020-03-24 21:12:37.246  INFO 9864 --- [main] o.s.j.e.a.AnnotationMBeanExporter        : Bean with name 'refreshScope' has been autodetected for JMX exposure
2020-03-24 21:12:37.249  INFO 9864 --- [main] o.s.j.e.a.AnnotationMBeanExporter        : Located managed bean 'environmentManager': registering with JMX server as MBean [org.springframework.cloud.context.environment:name=environmentManager,type=EnvironmentManager]
2020-03-24 21:12:37.256  INFO 9864 --- [main] o.s.j.e.a.AnnotationMBeanExporter        : Located managed bean 'refreshScope': registering with JMX server as MBean [org.springframework.cloud.context.scope.refresh:name=refreshScope,type=RefreshScope]
2020-03-24 21:12:37.264  INFO 9864 --- [main] o.s.j.e.a.AnnotationMBeanExporter        : Located managed bean 'configurationPropertiesRebinder': registering with JMX server as MBean [org.springframework.cloud.context.properties:name=configurationPropertiesRebinder,context=ccb4b1b,type=ConfigurationPropertiesRebinder]
2020-03-24 21:12:37.274  INFO 9864 --- [main] o.s.c.support.DefaultLifecycleProcessor  : Starting beans in phase 0
2020-03-24 21:12:37.280  INFO 9864 --- [main] o.s.c.n.eureka.InstanceInfoFactory       : Setting initial instance status as: STARTING
2020-03-24 21:12:37.309  INFO 9864 --- [main] com.netflix.discovery.DiscoveryClient    : Initializing Eureka in region us-east-1
2020-03-24 21:12:37.347  INFO 9864 --- [main] c.n.d.provider.DiscoveryJerseyProvider   : Using JSON encoding codec LegacyJacksonJson
2020-03-24 21:12:37.347  INFO 9864 --- [main] c.n.d.provider.DiscoveryJerseyProvider   : Using JSON decoding codec LegacyJacksonJson
2020-03-24 21:12:37.419  INFO 9864 --- [main] c.n.d.provider.DiscoveryJerseyProvider   : Using XML encoding codec XStreamXml
2020-03-24 21:12:37.419  INFO 9864 --- [main] c.n.d.provider.DiscoveryJerseyProvider   : Using XML decoding codec XStreamXml
2020-03-24 21:12:37.597  INFO 9864 --- [main] c.n.d.s.r.aws.ConfigClusterResolver      : Resolving eureka endpoints via configuration
2020-03-24 21:12:38.258  INFO 9864 --- [main] com.netflix.discovery.DiscoveryClient    : Disable delta property : false
2020-03-24 21:12:38.259  INFO 9864 --- [main] com.netflix.discovery.DiscoveryClient    : Single vip registry refresh property : null
2020-03-24 21:12:38.259  INFO 9864 --- [main] com.netflix.discovery.DiscoveryClient    : Force full registry fetch : false
2020-03-24 21:12:38.259  INFO 9864 --- [main] com.netflix.discovery.DiscoveryClient    : Application is null : false
2020-03-24 21:12:38.259  INFO 9864 --- [main] com.netflix.discovery.DiscoveryClient    : Registered Applications size is zero : true
2020-03-24 21:12:38.259  INFO 9864 --- [main] com.netflix.discovery.DiscoveryClient    : Application version is -1: true
2020-03-24 21:12:38.259  INFO 9864 --- [main] com.netflix.discovery.DiscoveryClient    : Getting all instance registry info from the eureka server
2020-03-24 21:12:38.414  INFO 9864 --- [main] com.netflix.discovery.DiscoveryClient    : The response status is 200
2020-03-24 21:12:38.417  INFO 9864 --- [main] com.netflix.discovery.DiscoveryClient    : Starting heartbeat executor: renew interval is: 30
2020-03-24 21:12:38.419  INFO 9864 --- [main] c.n.discovery.InstanceInfoReplicator     : InstanceInfoReplicator onDemand update allowed rate per min is 4
2020-03-24 21:12:38.423  INFO 9864 --- [main] com.netflix.discovery.DiscoveryClient    : Discovery Client initialized at timestamp 1585055558422 with initial instances count: 5
2020-03-24 21:12:38.427  INFO 9864 --- [main] o.s.c.n.e.s.EurekaServiceRegistry        : Registering application app-mayikt-zuul with eureka with status UP
2020-03-24 21:12:38.427  INFO 9864 --- [main] com.netflix.discovery.DiscoveryClient    : Saw local status change event StatusChangeEvent [timestamp=1585055558427, current=UP, previous=STARTING]
2020-03-24 21:12:38.429  INFO 9864 --- [DiscoveryClient-InstanceInfoReplicator-0] com.netflix.discovery.DiscoveryClient    : DiscoveryClient_APP-MAYIKT-ZUUL/localhost:app-mayikt-zuul:81: registering service...
2020-03-24 21:12:38.433  INFO 9864 --- [main] o.s.c.support.DefaultLifecycleProcessor  : Starting beans in phase 2147483647
2020-03-24 21:12:38.433  INFO 9864 --- [main] d.s.w.p.DocumentationPluginsBootstrapper : Context refreshed
2020-03-24 21:12:38.440  INFO 9864 --- [main] d.s.w.p.DocumentationPluginsBootstrapper : Found 1 custom documentation plugin(s)
2020-03-24 21:12:38.465  INFO 9864 --- [main] s.d.s.w.s.ApiListingReferenceScanner     : Scanning for api listing references
2020-03-24 21:12:38.473  INFO 9864 --- [DiscoveryClient-InstanceInfoReplicator-0] com.netflix.discovery.DiscoveryClient    : DiscoveryClient_APP-MAYIKT-ZUUL/localhost:app-mayikt-zuul:81 - registration status: 204
2020-03-24 21:12:38.569  INFO 9864 --- [main] s.b.v.p.parameter.SizeAnnotationPlugin   : searching for @size: false
2020-03-24 21:12:38.571  INFO 9864 --- [main] s.b.v.p.parameter.SizeAnnotationPlugin   : searching for @size: false
2020-03-24 21:12:38.572  INFO 9864 --- [main] .d.s.w.r.o.CachingOperationNameGenerator : Generating unique operation named: handleUsingGET_1
2020-03-24 21:12:38.618  INFO 9864 --- [main] o.s.b.w.embedded.tomcat.TomcatWebServer  : Tomcat started on port(s): 81 (http) with context path ''
2020-03-24 21:12:38.619  INFO 9864 --- [main] .s.c.n.e.s.EurekaAutoServiceRegistration : Updating port to 81
2020-03-24 21:12:38.621  INFO 9864 --- [main] com.demo.AppGateWay                      : Started AppGateWay in 35.687 seconds (JVM running for 37.449)
2020-03-24 21:12:38.942  INFO 9864 --- [RMI TCP Connection(14)-127.0.0.1] o.a.c.c.C.[Tomcat].[localhost].[/]       : Initializing Spring FrameworkServlet 'dispatcherServlet'
2020-03-24 21:12:38.942  INFO 9864 --- [RMI TCP Connection(14)-127.0.0.1] o.s.web.servlet.DispatcherServlet        : FrameworkServlet 'dispatcherServlet': initialization started
2020-03-24 21:12:38.963  INFO 9864 --- [RMI TCP Connection(14)-127.0.0.1] o.s.web.servlet.DispatcherServlet        : FrameworkServlet 'dispatcherServlet': initialization completed in 20 ms
2020-03-24 21:17:38.260  INFO 9864 --- [AsyncResolver-bootstrap-executor-0] c.n.d.s.r.aws.ConfigClusterResolver      : Resolving eureka endpoints via configuration
2020-03-24 21:21:14.283  INFO 7832 --- [main] com.demo.AppGateWay                      : No active profile set, falling back to default profiles: default
2020-03-24 21:21:14.307  INFO 7832 --- [main] ConfigServletWebServerApplicationContext : Refreshing org.springframework.boot.web.servlet.context.AnnotationConfigServletWebServerApplicationContext@7a799159: startup date [Tue Mar 24 21:21:14 CST 2020]; parent: org.springframework.context.annotation.AnnotationConfigApplicationContext@7c351808
2020-03-24 21:21:15.028  INFO 7832 --- [main] o.s.b.f.s.DefaultListableBeanFactory     : Overriding bean definition for bean 'environmentWebEndpointExtension' with a different definition: replacing [Root bean: class [null]; scope=; abstract=false; lazyInit=false; autowireMode=3; dependencyCheck=0; autowireCandidate=true; primary=false; factoryBeanName=org.springframework.boot.actuate.autoconfigure.env.EnvironmentEndpointAutoConfiguration; factoryMethodName=environmentWebEndpointExtension; initMethodName=null; destroyMethodName=(inferred); defined in class path resource [org/springframework/boot/actuate/autoconfigure/env/EnvironmentEndpointAutoConfiguration.class]] with [Root bean: class [null]; scope=; abstract=false; lazyInit=false; autowireMode=3; dependencyCheck=0; autowireCandidate=true; primary=false; factoryBeanName=org.springframework.cloud.autoconfigure.LifecycleMvcEndpointAutoConfiguration$EndpointConfiguration; factoryMethodName=environmentWebEndpointExtension; initMethodName=null; destroyMethodName=(inferred); defined in class path resource [org/springframework/cloud/autoconfigure/LifecycleMvcEndpointAutoConfiguration$EndpointConfiguration.class]]
2020-03-24 21:21:15.078  INFO 7832 --- [main] o.s.b.f.s.DefaultListableBeanFactory     : Overriding bean definition for bean 'proxyRequestHelper' with a different definition: replacing [Root bean: class [null]; scope=; abstract=false; lazyInit=false; autowireMode=3; dependencyCheck=0; autowireCandidate=true; primary=false; factoryBeanName=org.springframework.cloud.netflix.zuul.ZuulProxyAutoConfiguration$EndpointConfiguration; factoryMethodName=proxyRequestHelper; initMethodName=null; destroyMethodName=(inferred); defined in class path resource [org/springframework/cloud/netflix/zuul/ZuulProxyAutoConfiguration$EndpointConfiguration.class]] with [Root bean: class [null]; scope=; abstract=false; lazyInit=false; autowireMode=3; dependencyCheck=0; autowireCandidate=true; primary=false; factoryBeanName=org.springframework.cloud.netflix.zuul.ZuulProxyAutoConfiguration$NoActuatorConfiguration; factoryMethodName=proxyRequestHelper; initMethodName=null; destroyMethodName=(inferred); defined in class path resource [org/springframework/cloud/netflix/zuul/ZuulProxyAutoConfiguration$NoActuatorConfiguration.class]]
2020-03-24 21:21:15.082  INFO 7832 --- [main] o.s.b.f.s.DefaultListableBeanFactory     : Overriding bean definition for bean 'counterFactory' with a different definition: replacing [Root bean: class [null]; scope=; abstract=false; lazyInit=false; autowireMode=3; dependencyCheck=0; autowireCandidate=true; primary=false; factoryBeanName=org.springframework.cloud.netflix.zuul.ZuulServerAutoConfiguration$ZuulMetricsConfiguration; factoryMethodName=counterFactory; initMethodName=null; destroyMethodName=(inferred); defined in class path resource [org/springframework/cloud/netflix/zuul/ZuulServerAutoConfiguration$ZuulMetricsConfiguration.class]] with [Root bean: class [null]; scope=; abstract=false; lazyInit=false; autowireMode=3; dependencyCheck=0; autowireCandidate=true; primary=false; factoryBeanName=org.springframework.cloud.netflix.zuul.ZuulServerAutoConfiguration$ZuulCounterFactoryConfiguration; factoryMethodName=counterFactory; initMethodName=null; destroyMethodName=(inferred); defined in class path resource [org/springframework/cloud/netflix/zuul/ZuulServerAutoConfiguration$ZuulCounterFactoryConfiguration.class]]
2020-03-24 21:21:15.158  INFO 7832 --- [main] c.c.f.f.i.p.DefaultApplicationProvider   : App ID is set to wanglei-shop-zuul by app.id property from System Property
2020-03-24 21:21:15.160  INFO 7832 --- [main] c.c.f.f.i.p.DefaultServerProvider        : Environment is set to null. Because it is not available in either (1) JVM system property 'env', (2) OS env variable 'ENV' nor (3) property 'env' from the properties InputStream.
2020-03-24 21:21:15.297  INFO 7832 --- [main] o.s.cloud.context.scope.GenericScope     : BeanFactory id=c0281bae-54ed-30b5-9741-9fbd537252e8
2020-03-24 21:21:15.348  INFO 7832 --- [main] c.c.f.a.i.DefaultMetaServerProvider      : Located meta services from apollo.meta configuration: http://121.40.70.177:8080!
2020-03-24 21:21:15.350  INFO 7832 --- [main] c.c.f.apollo.core.MetaDomainConsts       : Located meta server address http://121.40.70.177:8080 for env UNKNOWN from com.ctrip.framework.apollo.internals.DefaultMetaServerProvider
2020-03-24 21:21:34.820  INFO 7832 --- [main] f.a.AutowiredAnnotationBeanPostProcessor : JSR-330 'javax.inject.Inject' annotation found and supported for autowiring
2020-03-24 21:21:35.116  INFO 7832 --- [main] trationDelegate$BeanPostProcessorChecker : Bean 'org.springframework.cloud.autoconfigure.ConfigurationPropertiesRebinderAutoConfiguration' of type [org.springframework.cloud.autoconfigure.ConfigurationPropertiesRebinderAutoConfiguration$$EnhancerBySpringCGLIB$$f5b9f967] is not eligible for getting processed by all BeanPostProcessors (for example: not eligible for auto-proxying)
2020-03-24 21:21:35.391  INFO 7832 --- [main] o.s.b.w.embedded.tomcat.TomcatWebServer  : Tomcat initialized with port(s): 81 (http)
2020-03-24 21:21:35.412  INFO 7832 --- [main] o.apache.catalina.core.StandardService   : Starting service [Tomcat]
2020-03-24 21:21:35.413  INFO 7832 --- [main] org.apache.catalina.core.StandardEngine  : Starting Servlet Engine: Apache Tomcat/8.5.29
2020-03-24 21:21:35.417  INFO 7832 --- [localhost-startStop-1] o.a.catalina.core.AprLifecycleListener   : The APR based Apache Tomcat Native library which allows optimal performance in production environments was not found on the java.library.path: [D:\java\jdk1.8.0_171\bin;C:\Windows\Sun\Java\bin;C:\Windows\system32;C:\Windows;D:\java\jdk1.8.0_171\bin;D:\java\jre1.8.0_171;C:\Program Files (x86)\Common Files\Oracle\Java\javapath;C:\Windows\system32;C:\Windows;C:\Windows\System32\Wbem;C:\Windows\System32\WindowsPowerShell\v1.0\;C:\Windows\System32\OpenSSH\;C:\Program Files (x86)\NVIDIA Corporation\PhysX\Common;C:\Program Files\NVIDIA Corporation\NVIDIA NvDLISR;%MAVEN_HOME%\bin;C:\Program Files\Git\cmd;C:\Program Files\Git\bin;C:\Users\Administrator\AppData\Local\Microsoft\WindowsApps;;.]
2020-03-24 21:21:35.529  INFO 7832 --- [localhost-startStop-1] o.a.c.c.C.[Tomcat].[localhost].[/]       : Initializing Spring embedded WebApplicationContext
2020-03-24 21:21:35.529  INFO 7832 --- [localhost-startStop-1] o.s.web.context.ContextLoader            : Root WebApplicationContext: initialization completed in 21222 ms
2020-03-24 21:21:38.111  INFO 7832 --- [localhost-startStop-1] o.s.cloud.commons.util.InetUtils         : Cannot determine local hostname
2020-03-24 21:21:40.431  INFO 7832 --- [localhost-startStop-1] o.s.cloud.commons.util.InetUtils         : Cannot determine local hostname
2020-03-24 21:21:41.184  WARN 7832 --- [localhost-startStop-1] c.n.c.sources.URLConfigurationSource     : No URLs will be polled as dynamic configuration sources.
2020-03-24 21:21:41.185  INFO 7832 --- [localhost-startStop-1] c.n.c.sources.URLConfigurationSource     : To enable URLs as dynamic configuration sources, define System property archaius.configurationSource.additionalUrls or make config.properties available on classpath.
2020-03-24 21:21:41.188  INFO 7832 --- [localhost-startStop-1] c.netflix.config.DynamicPropertyFactory  : DynamicPropertyFactory is initialized with configuration sources: com.netflix.config.ConcurrentCompositeConfiguration@36cebd6e
2020-03-24 21:21:41.315  INFO 7832 --- [localhost-startStop-1] o.s.b.w.servlet.ServletRegistrationBean  : Servlet dispatcherServlet mapped to [/]
2020-03-24 21:21:41.316  INFO 7832 --- [localhost-startStop-1] o.s.b.w.servlet.ServletRegistrationBean  : Servlet zuulServlet mapped to [/zuul/*]
2020-03-24 21:21:41.320  INFO 7832 --- [localhost-startStop-1] o.s.b.w.servlet.FilterRegistrationBean   : Mapping filter: 'characterEncodingFilter' to: [/*]
2020-03-24 21:21:41.320  INFO 7832 --- [localhost-startStop-1] o.s.b.w.servlet.FilterRegistrationBean   : Mapping filter: 'hiddenHttpMethodFilter' to: [/*]
2020-03-24 21:21:41.320  INFO 7832 --- [localhost-startStop-1] o.s.b.w.servlet.FilterRegistrationBean   : Mapping filter: 'httpPutFormContentFilter' to: [/*]
2020-03-24 21:21:41.321  INFO 7832 --- [localhost-startStop-1] o.s.b.w.servlet.FilterRegistrationBean   : Mapping filter: 'requestContextFilter' to: [/*]
2020-03-24 21:21:41.321  INFO 7832 --- [localhost-startStop-1] o.s.b.w.servlet.FilterRegistrationBean   : Mapping filter: 'httpTraceFilter' to: [/*]
2020-03-24 21:21:41.321  INFO 7832 --- [localhost-startStop-1] o.s.b.w.servlet.FilterRegistrationBean   : Mapping filter: 'webMvcMetricsFilter' to: [/*]
2020-03-24 21:21:41.706  INFO 7832 --- [main] s.w.s.m.m.a.RequestMappingHandlerMapping : Mapped "{[/swagger-resources/configuration/ui]}" onto public org.springframework.http.ResponseEntity<springfox.documentation.swagger.web.UiConfiguration> springfox.documentation.swagger.web.ApiResourceController.uiConfiguration()
2020-03-24 21:21:41.708  INFO 7832 --- [main] s.w.s.m.m.a.RequestMappingHandlerMapping : Mapped "{[/swagger-resources]}" onto public org.springframework.http.ResponseEntity<java.util.List<springfox.documentation.swagger.web.SwaggerResource>> springfox.documentation.swagger.web.ApiResourceController.swaggerResources()
2020-03-24 21:21:41.709  INFO 7832 --- [main] s.w.s.m.m.a.RequestMappingHandlerMapping : Mapped "{[/swagger-resources/configuration/security]}" onto public org.springframework.http.ResponseEntity<springfox.documentation.swagger.web.SecurityConfiguration> springfox.documentation.swagger.web.ApiResourceController.securityConfiguration()
2020-03-24 21:21:41.714  INFO 7832 --- [main] s.w.s.m.m.a.RequestMappingHandlerMapping : Mapped "{[/error]}" onto public org.springframework.http.ResponseEntity<java.util.Map<java.lang.String, java.lang.Object>> org.springframework.boot.autoconfigure.web.servlet.error.BasicErrorController.error(javax.servlet.http.HttpServletRequest)
2020-03-24 21:21:41.715  INFO 7832 --- [main] s.w.s.m.m.a.RequestMappingHandlerMapping : Mapped "{[/error],produces=[text/html]}" onto public org.springframework.web.servlet.ModelAndView org.springframework.boot.autoconfigure.web.servlet.error.BasicErrorController.errorHtml(javax.servlet.http.HttpServletRequest,javax.servlet.http.HttpServletResponse)
2020-03-24 21:21:41.821  INFO 7832 --- [main] o.s.b.a.e.web.EndpointLinksResolver      : Exposing 2 endpoint(s) beneath base path '/actuator'
2020-03-24 21:21:41.841  INFO 7832 --- [main] s.b.a.e.w.s.WebMvcEndpointHandlerMapping : Mapped "{[/actuator/health],methods=[GET],produces=[application/vnd.spring-boot.actuator.v2+json || application/json]}" onto public java.lang.Object org.springframework.boot.actuate.endpoint.web.servlet.AbstractWebMvcEndpointHandlerMapping$OperationHandler.handle(javax.servlet.http.HttpServletRequest,java.util.Map<java.lang.String, java.lang.String>)
2020-03-24 21:21:41.842  INFO 7832 --- [main] s.b.a.e.w.s.WebMvcEndpointHandlerMapping : Mapped "{[/actuator/info],methods=[GET],produces=[application/vnd.spring-boot.actuator.v2+json || application/json]}" onto public java.lang.Object org.springframework.boot.actuate.endpoint.web.servlet.AbstractWebMvcEndpointHandlerMapping$OperationHandler.handle(javax.servlet.http.HttpServletRequest,java.util.Map<java.lang.String, java.lang.String>)
2020-03-24 21:21:41.843  INFO 7832 --- [main] s.b.a.e.w.s.WebMvcEndpointHandlerMapping : Mapped "{[/actuator],methods=[GET],produces=[application/vnd.spring-boot.actuator.v2+json || application/json]}" onto protected java.util.Map<java.lang.String, java.util.Map<java.lang.String, org.springframework.boot.actuate.endpoint.web.Link>> org.springframework.boot.actuate.endpoint.web.servlet.WebMvcEndpointHandlerMapping.links(javax.servlet.http.HttpServletRequest,javax.servlet.http.HttpServletResponse)
2020-03-24 21:21:42.046  INFO 7832 --- [main] pertySourcedRequestMappingHandlerMapping : Mapped URL path [/v2/api-docs] onto method [public org.springframework.http.ResponseEntity<springfox.documentation.spring.web.json.Json> springfox.documentation.swagger2.web.Swagger2Controller.getDocumentation(java.lang.String,javax.servlet.http.HttpServletRequest)]
2020-03-24 21:21:42.143  WARN 7832 --- [main] c.n.c.sources.URLConfigurationSource     : No URLs will be polled as dynamic configuration sources.
2020-03-24 21:21:42.143  INFO 7832 --- [main] c.n.c.sources.URLConfigurationSource     : To enable URLs as dynamic configuration sources, define System property archaius.configurationSource.additionalUrls or make config.properties available on classpath.
2020-03-24 21:21:42.231  INFO 7832 --- [main] o.s.w.s.handler.SimpleUrlHandlerMapping  : Mapped URL path [/**/favicon.ico] onto handler of type [class org.springframework.web.servlet.resource.ResourceHttpRequestHandler]
2020-03-24 21:21:42.462  INFO 7832 --- [main] s.w.s.m.m.a.RequestMappingHandlerAdapter : Looking for @ControllerAdvice: org.springframework.boot.web.servlet.context.AnnotationConfigServletWebServerApplicationContext@7a799159: startup date [Tue Mar 24 21:21:14 CST 2020]; parent: org.springframework.context.annotation.AnnotationConfigApplicationContext@7c351808
2020-03-24 21:21:42.544  INFO 7832 --- [main] o.s.w.s.handler.SimpleUrlHandlerMapping  : Mapped URL path [/webjars/**] onto handler of type [class org.springframework.web.servlet.resource.ResourceHttpRequestHandler]
2020-03-24 21:21:42.544  INFO 7832 --- [main] o.s.w.s.handler.SimpleUrlHandlerMapping  : Mapped URL path [/**] onto handler of type [class org.springframework.web.servlet.resource.ResourceHttpRequestHandler]
2020-03-24 21:21:43.912  INFO 7832 --- [main] o.s.c.n.zuul.ZuulFilterInitializer       : Starting filter initializer
2020-03-24 21:21:43.961  INFO 7832 --- [main] o.s.j.e.a.AnnotationMBeanExporter        : Registering beans for JMX exposure on startup
2020-03-24 21:21:43.974  INFO 7832 --- [main] o.s.j.e.a.AnnotationMBeanExporter        : Bean with name 'configurationPropertiesRebinder' has been autodetected for JMX exposure
2020-03-24 21:21:43.976  INFO 7832 --- [main] o.s.j.e.a.AnnotationMBeanExporter        : Bean with name 'environmentManager' has been autodetected for JMX exposure
2020-03-24 21:21:43.978  INFO 7832 --- [main] o.s.j.e.a.AnnotationMBeanExporter        : Bean with name 'refreshScope' has been autodetected for JMX exposure
2020-03-24 21:21:43.981  INFO 7832 --- [main] o.s.j.e.a.AnnotationMBeanExporter        : Located managed bean 'environmentManager': registering with JMX server as MBean [org.springframework.cloud.context.environment:name=environmentManager,type=EnvironmentManager]
2020-03-24 21:21:43.988  INFO 7832 --- [main] o.s.j.e.a.AnnotationMBeanExporter        : Located managed bean 'refreshScope': registering with JMX server as MBean [org.springframework.cloud.context.scope.refresh:name=refreshScope,type=RefreshScope]
2020-03-24 21:21:44.000  INFO 7832 --- [main] o.s.j.e.a.AnnotationMBeanExporter        : Located managed bean 'configurationPropertiesRebinder': registering with JMX server as MBean [org.springframework.cloud.context.properties:name=configurationPropertiesRebinder,context=7a799159,type=ConfigurationPropertiesRebinder]
2020-03-24 21:21:44.011  INFO 7832 --- [main] o.s.c.support.DefaultLifecycleProcessor  : Starting beans in phase 0
2020-03-24 21:21:44.018  INFO 7832 --- [main] o.s.c.n.eureka.InstanceInfoFactory       : Setting initial instance status as: STARTING
2020-03-24 21:21:44.054  INFO 7832 --- [main] com.netflix.discovery.DiscoveryClient    : Initializing Eureka in region us-east-1
2020-03-24 21:21:44.101  INFO 7832 --- [main] c.n.d.provider.DiscoveryJerseyProvider   : Using JSON encoding codec LegacyJacksonJson
2020-03-24 21:21:44.102  INFO 7832 --- [main] c.n.d.provider.DiscoveryJerseyProvider   : Using JSON decoding codec LegacyJacksonJson
2020-03-24 21:21:44.196  INFO 7832 --- [main] c.n.d.provider.DiscoveryJerseyProvider   : Using XML encoding codec XStreamXml
2020-03-24 21:21:44.197  INFO 7832 --- [main] c.n.d.provider.DiscoveryJerseyProvider   : Using XML decoding codec XStreamXml
2020-03-24 21:21:44.441  INFO 7832 --- [main] c.n.d.s.r.aws.ConfigClusterResolver      : Resolving eureka endpoints via configuration
2020-03-24 21:21:45.062  INFO 7832 --- [main] com.netflix.discovery.DiscoveryClient    : Disable delta property : false
2020-03-24 21:21:45.062  INFO 7832 --- [main] com.netflix.discovery.DiscoveryClient    : Single vip registry refresh property : null
2020-03-24 21:21:45.062  INFO 7832 --- [main] com.netflix.discovery.DiscoveryClient    : Force full registry fetch : false
2020-03-24 21:21:45.062  INFO 7832 --- [main] com.netflix.discovery.DiscoveryClient    : Application is null : false
2020-03-24 21:21:45.062  INFO 7832 --- [main] com.netflix.discovery.DiscoveryClient    : Registered Applications size is zero : true
2020-03-24 21:21:45.062  INFO 7832 --- [main] com.netflix.discovery.DiscoveryClient    : Application version is -1: true
2020-03-24 21:21:45.062  INFO 7832 --- [main] com.netflix.discovery.DiscoveryClient    : Getting all instance registry info from the eureka server
2020-03-24 21:21:45.227  INFO 7832 --- [main] com.netflix.discovery.DiscoveryClient    : The response status is 200
2020-03-24 21:21:45.229  INFO 7832 --- [main] com.netflix.discovery.DiscoveryClient    : Starting heartbeat executor: renew interval is: 30
2020-03-24 21:21:45.231  INFO 7832 --- [main] c.n.discovery.InstanceInfoReplicator     : InstanceInfoReplicator onDemand update allowed rate per min is 4
2020-03-24 21:21:45.235  INFO 7832 --- [main] com.netflix.discovery.DiscoveryClient    : Discovery Client initialized at timestamp 1585056105234 with initial instances count: 5
2020-03-24 21:21:45.240  INFO 7832 --- [main] o.s.c.n.e.s.EurekaServiceRegistry        : Registering application app-mayikt-zuul with eureka with status UP
2020-03-24 21:21:45.242  INFO 7832 --- [main] com.netflix.discovery.DiscoveryClient    : Saw local status change event StatusChangeEvent [timestamp=1585056105242, current=UP, previous=STARTING]
2020-03-24 21:21:45.243  INFO 7832 --- [DiscoveryClient-InstanceInfoReplicator-0] com.netflix.discovery.DiscoveryClient    : DiscoveryClient_APP-MAYIKT-ZUUL/localhost:app-mayikt-zuul:81: registering service...
2020-03-24 21:21:45.247  INFO 7832 --- [main] o.s.c.support.DefaultLifecycleProcessor  : Starting beans in phase 2147483647
2020-03-24 21:21:45.248  INFO 7832 --- [main] d.s.w.p.DocumentationPluginsBootstrapper : Context refreshed
2020-03-24 21:21:45.255  INFO 7832 --- [main] d.s.w.p.DocumentationPluginsBootstrapper : Found 1 custom documentation plugin(s)
2020-03-24 21:21:45.286  INFO 7832 --- [DiscoveryClient-InstanceInfoReplicator-0] com.netflix.discovery.DiscoveryClient    : DiscoveryClient_APP-MAYIKT-ZUUL/localhost:app-mayikt-zuul:81 - registration status: 204
2020-03-24 21:21:45.296  INFO 7832 --- [main] s.d.s.w.s.ApiListingReferenceScanner     : Scanning for api listing references
2020-03-24 21:21:45.449  INFO 7832 --- [main] s.b.v.p.parameter.SizeAnnotationPlugin   : searching for @size: false
2020-03-24 21:21:45.451  INFO 7832 --- [main] s.b.v.p.parameter.SizeAnnotationPlugin   : searching for @size: false
2020-03-24 21:21:45.452  INFO 7832 --- [main] .d.s.w.r.o.CachingOperationNameGenerator : Generating unique operation named: handleUsingGET_1
2020-03-24 21:21:45.509  INFO 7832 --- [main] o.s.b.w.embedded.tomcat.TomcatWebServer  : Tomcat started on port(s): 81 (http) with context path ''
2020-03-24 21:21:45.510  INFO 7832 --- [main] .s.c.n.e.s.EurekaAutoServiceRegistration : Updating port to 81
2020-03-24 21:21:45.513  INFO 7832 --- [main] com.demo.AppGateWay                      : Started AppGateWay in 36.548 seconds (JVM running for 38.478)
2020-03-24 21:21:45.792  INFO 7832 --- [RMI TCP Connection(8)-127.0.0.1] o.a.c.c.C.[Tomcat].[localhost].[/]       : Initializing Spring FrameworkServlet 'dispatcherServlet'
2020-03-24 21:21:45.792  INFO 7832 --- [RMI TCP Connection(8)-127.0.0.1] o.s.web.servlet.DispatcherServlet        : FrameworkServlet 'dispatcherServlet': initialization started
2020-03-24 21:21:45.814  INFO 7832 --- [RMI TCP Connection(8)-127.0.0.1] o.s.web.servlet.DispatcherServlet        : FrameworkServlet 'dispatcherServlet': initialization completed in 22 ms
2020-03-24 21:23:34.427  INFO 7832 --- [http-nio-81-exec-1] o.s.c.n.zuul.web.ZuulHandlerMapping      : Mapped URL path [/api-weixin/**] onto handler of type [class org.springframework.cloud.netflix.zuul.web.ZuulController]
2020-03-24 21:23:34.427  INFO 7832 --- [http-nio-81-exec-1] o.s.c.n.zuul.web.ZuulHandlerMapping      : Mapped URL path [/api-member/**] onto handler of type [class org.springframework.cloud.netflix.zuul.web.ZuulController]
2020-03-24 21:23:34.427  INFO 7832 --- [http-nio-81-exec-1] o.s.c.n.zuul.web.ZuulHandlerMapping      : Mapped URL path [/app-mayikt-weixin/**] onto handler of type [class org.springframework.cloud.netflix.zuul.web.ZuulController]
2020-03-24 21:23:34.427  INFO 7832 --- [http-nio-81-exec-1] o.s.c.n.zuul.web.ZuulHandlerMapping      : Mapped URL path [/app-mayikt-member/**] onto handler of type [class org.springframework.cloud.netflix.zuul.web.ZuulController]
2020-03-24 21:23:34.427  INFO 7832 --- [http-nio-81-exec-1] o.s.c.n.zuul.web.ZuulHandlerMapping      : Mapped URL path [/apollo-configservice/**] onto handler of type [class org.springframework.cloud.netflix.zuul.web.ZuulController]
2020-03-24 21:23:34.427  INFO 7832 --- [http-nio-81-exec-1] o.s.c.n.zuul.web.ZuulHandlerMapping      : Mapped URL path [/apollo-adminservice/**] onto handler of type [class org.springframework.cloud.netflix.zuul.web.ZuulController]
2020-03-24 21:23:34.427  INFO 7832 --- [http-nio-81-exec-1] o.s.c.n.zuul.web.ZuulHandlerMapping      : Mapped URL path [/unknown/**] onto handler of type [class org.springframework.cloud.netflix.zuul.web.ZuulController]
2020-03-24 21:23:34.791  INFO 7832 --- [http-nio-81-exec-6] s.c.a.AnnotationConfigApplicationContext : Refreshing SpringClientFactory-app-mayikt-member: startup date [Tue Mar 24 21:23:34 CST 2020]; parent: org.springframework.boot.web.servlet.context.AnnotationConfigServletWebServerApplicationContext@7a799159
2020-03-24 21:23:34.839  INFO 7832 --- [http-nio-81-exec-6] f.a.AutowiredAnnotationBeanPostProcessor : JSR-330 'javax.inject.Inject' annotation found and supported for autowiring
2020-03-24 21:23:35.153  INFO 7832 --- [http-nio-81-exec-6] c.netflix.config.ChainedDynamicProperty  : Flipping property: app-mayikt-member.ribbon.ActiveConnectionsLimit to use NEXT property: niws.loadbalancer.availabilityFilteringRule.activeConnectionsLimit = 2147483647
2020-03-24 21:23:35.173  INFO 7832 --- [http-nio-81-exec-6] c.n.u.concurrent.ShutdownEnabledTimer    : Shutdown hook installed for: NFLoadBalancer-PingTimer-app-mayikt-member
2020-03-24 21:23:35.176  INFO 7832 --- [http-nio-81-exec-6] c.netflix.loadbalancer.BaseLoadBalancer  : Client: app-mayikt-member instantiated a LoadBalancer: DynamicServerListLoadBalancer:{NFLoadBalancer:name=app-mayikt-member,current list of Servers=[],Load balancer stats=Zone stats: {},Server stats: []}ServerList:null
2020-03-24 21:23:35.182  INFO 7832 --- [http-nio-81-exec-6] c.n.l.DynamicServerListLoadBalancer      : Using serverListUpdater PollingServerListUpdater
2020-03-24 21:23:35.194  INFO 7832 --- [http-nio-81-exec-6] c.netflix.config.ChainedDynamicProperty  : Flipping property: app-mayikt-member.ribbon.ActiveConnectionsLimit to use NEXT property: niws.loadbalancer.availabilityFilteringRule.activeConnectionsLimit = 2147483647
2020-03-24 21:23:35.195  INFO 7832 --- [http-nio-81-exec-6] c.n.l.DynamicServerListLoadBalancer      : DynamicServerListLoadBalancer for client app-mayikt-member initialized: DynamicServerListLoadBalancer:{NFLoadBalancer:name=app-mayikt-member,current list of Servers=[localhost:8300],Load balancer stats=Zone stats: {defaultzone=[Zone:defaultzone;	Instance count:1;	Active connections count: 0;	Circuit breaker tripped count: 0;	Active connections per server: 0.0;]
},Server stats: [[Server:localhost:8300;	Zone:defaultZone;	Total Requests:0;	Successive connection failure:0;	Total blackout seconds:0;	Last connection made:Thu Jan 01 08:00:00 CST 1970;	First connection made: Thu Jan 01 08:00:00 CST 1970;	Active Connections:0;	total failure count in last (1000) msecs:0;	average resp time:0.0;	90 percentile resp time:0.0;	95 percentile resp time:0.0;	min resp time:0.0;	max resp time:0.0;	stddev resp time:0.0]
]}ServerList:org.springframework.cloud.netflix.ribbon.eureka.DomainExtractingServerList@3ae138ed
2020-03-24 21:23:36.185  INFO 7832 --- [PollingServerListUpdater-0] c.netflix.config.ChainedDynamicProperty  : Flipping property: app-mayikt-member.ribbon.ActiveConnectionsLimit to use NEXT property: niws.loadbalancer.availabilityFilteringRule.activeConnectionsLimit = 2147483647
2020-03-24 21:23:39.670  INFO 7832 --- [http-nio-81-exec-7] s.c.a.AnnotationConfigApplicationContext : Refreshing SpringClientFactory-app-mayikt-weixin: startup date [Tue Mar 24 21:23:39 CST 2020]; parent: org.springframework.boot.web.servlet.context.AnnotationConfigServletWebServerApplicationContext@7a799159
2020-03-24 21:23:39.693  INFO 7832 --- [http-nio-81-exec-7] f.a.AutowiredAnnotationBeanPostProcessor : JSR-330 'javax.inject.Inject' annotation found and supported for autowiring
2020-03-24 21:23:39.707  INFO 7832 --- [http-nio-81-exec-7] c.netflix.config.ChainedDynamicProperty  : Flipping property: app-mayikt-weixin.ribbon.ActiveConnectionsLimit to use NEXT property: niws.loadbalancer.availabilityFilteringRule.activeConnectionsLimit = 2147483647
2020-03-24 21:23:39.709  INFO 7832 --- [http-nio-81-exec-7] c.n.u.concurrent.ShutdownEnabledTimer    : Shutdown hook installed for: NFLoadBalancer-PingTimer-app-mayikt-weixin
2020-03-24 21:23:39.709  INFO 7832 --- [http-nio-81-exec-7] c.netflix.loadbalancer.BaseLoadBalancer  : Client: app-mayikt-weixin instantiated a LoadBalancer: DynamicServerListLoadBalancer:{NFLoadBalancer:name=app-mayikt-weixin,current list of Servers=[],Load balancer stats=Zone stats: {},Server stats: []}ServerList:null
2020-03-24 21:23:39.711  INFO 7832 --- [http-nio-81-exec-7] c.n.l.DynamicServerListLoadBalancer      : Using serverListUpdater PollingServerListUpdater
2020-03-24 21:23:39.712  INFO 7832 --- [http-nio-81-exec-7] c.netflix.config.ChainedDynamicProperty  : Flipping property: app-mayikt-weixin.ribbon.ActiveConnectionsLimit to use NEXT property: niws.loadbalancer.availabilityFilteringRule.activeConnectionsLimit = 2147483647
2020-03-24 21:23:39.713  INFO 7832 --- [http-nio-81-exec-7] c.n.l.DynamicServerListLoadBalancer      : DynamicServerListLoadBalancer for client app-mayikt-weixin initialized: DynamicServerListLoadBalancer:{NFLoadBalancer:name=app-mayikt-weixin,current list of Servers=[localhost:8200],Load balancer stats=Zone stats: {defaultzone=[Zone:defaultzone;	Instance count:1;	Active connections count: 0;	Circuit breaker tripped count: 0;	Active connections per server: 0.0;]
},Server stats: [[Server:localhost:8200;	Zone:defaultZone;	Total Requests:0;	Successive connection failure:0;	Total blackout seconds:0;	Last connection made:Thu Jan 01 08:00:00 CST 1970;	First connection made: Thu Jan 01 08:00:00 CST 1970;	Active Connections:0;	total failure count in last (1000) msecs:0;	average resp time:0.0;	90 percentile resp time:0.0;	95 percentile resp time:0.0;	min resp time:0.0;	max resp time:0.0;	stddev resp time:0.0]
]}ServerList:org.springframework.cloud.netflix.ribbon.eureka.DomainExtractingServerList@72de81bc
2020-03-24 21:23:40.713  INFO 7832 --- [PollingServerListUpdater-0] c.netflix.config.ChainedDynamicProperty  : Flipping property: app-mayikt-weixin.ribbon.ActiveConnectionsLimit to use NEXT property: niws.loadbalancer.availabilityFilteringRule.activeConnectionsLimit = 2147483647
2020-03-24 21:26:45.066  INFO 7832 --- [AsyncResolver-bootstrap-executor-0] c.n.d.s.r.aws.ConfigClusterResolver      : Resolving eureka endpoints via configuration
2020-03-24 21:31:45.069  INFO 7832 --- [AsyncResolver-bootstrap-executor-0] c.n.d.s.r.aws.ConfigClusterResolver      : Resolving eureka endpoints via configuration
